{"/Users/sboyuk/Desktop/retention-agent-ai/packages/api/src/queues.ts": {"path":"/Users/sboyuk/Desktop/retention-agent-ai/packages/api/src/queues.ts","statementMap":{"0":{"start":{"line":11,"column":68},"end":{"line":11,"column":null}},"1":{"start":{"line":12,"column":51},"end":{"line":12,"column":null}},"2":{"start":{"line":13,"column":53},"end":{"line":13,"column":null}},"3":{"start":{"line":16,"column":2},"end":{"line":20,"column":null}},"4":{"start":{"line":17,"column":4},"end":{"line":19,"column":null}},"5":{"start":{"line":21,"column":2},"end":{"line":21,"column":null}},"6":{"start":{"line":25,"column":2},"end":{"line":29,"column":null}},"7":{"start":{"line":26,"column":4},"end":{"line":28,"column":null}},"8":{"start":{"line":30,"column":2},"end":{"line":30,"column":null}},"9":{"start":{"line":34,"column":2},"end":{"line":38,"column":null}},"10":{"start":{"line":35,"column":4},"end":{"line":37,"column":null}},"11":{"start":{"line":39,"column":2},"end":{"line":39,"column":null}},"12":{"start":{"line":46,"column":16},"end":{"line":46,"column":null}},"13":{"start":{"line":48,"column":2},"end":{"line":55,"column":null}},"14":{"start":{"line":50,"column":4},"end":{"line":54,"column":null}},"15":{"start":{"line":57,"column":2},"end":{"line":61,"column":null}},"16":{"start":{"line":68,"column":2},"end":{"line":78,"column":null}},"17":{"start":{"line":85,"column":2},"end":{"line":95,"column":null}}},"fnMap":{"0":{"name":"getScheduledMessagesQueue","decl":{"start":{"line":15,"column":9},"end":{"line":15,"column":37}},"loc":{"start":{"line":15,"column":37},"end":{"line":22,"column":null}},"line":15},"1":{"name":"getScrapeJobsQueue","decl":{"start":{"line":24,"column":9},"end":{"line":24,"column":30}},"loc":{"start":{"line":24,"column":30},"end":{"line":31,"column":null}},"line":24},"2":{"name":"getAnalyticsQueue","decl":{"start":{"line":33,"column":9},"end":{"line":33,"column":29}},"loc":{"start":{"line":33,"column":29},"end":{"line":40,"column":null}},"line":33},"3":{"name":"scheduleMessage","decl":{"start":{"line":45,"column":22},"end":{"line":45,"column":38}},"loc":{"start":{"line":45,"column":69},"end":{"line":62,"column":null}},"line":45},"4":{"name":"addScrapeJob","decl":{"start":{"line":67,"column":22},"end":{"line":67,"column":35}},"loc":{"start":{"line":67,"column":56},"end":{"line":79,"column":null}},"line":67},"5":{"name":"addAnalyticsEvent","decl":{"start":{"line":84,"column":22},"end":{"line":84,"column":40}},"loc":{"start":{"line":84,"column":64},"end":{"line":96,"column":null}},"line":84}},"branchMap":{"0":{"loc":{"start":{"line":16,"column":2},"end":{"line":20,"column":null}},"type":"if","locations":[{"start":{"line":16,"column":2},"end":{"line":20,"column":null}},{"start":{},"end":{}}],"line":16},"1":{"loc":{"start":{"line":25,"column":2},"end":{"line":29,"column":null}},"type":"if","locations":[{"start":{"line":25,"column":2},"end":{"line":29,"column":null}},{"start":{},"end":{}}],"line":25},"2":{"loc":{"start":{"line":34,"column":2},"end":{"line":38,"column":null}},"type":"if","locations":[{"start":{"line":34,"column":2},"end":{"line":38,"column":null}},{"start":{},"end":{}}],"line":34},"3":{"loc":{"start":{"line":48,"column":2},"end":{"line":55,"column":null}},"type":"if","locations":[{"start":{"line":48,"column":2},"end":{"line":55,"column":null}},{"start":{},"end":{}}],"line":48}},"s":{"0":3,"1":3,"2":3,"3":0,"4":0,"5":0,"6":0,"7":0,"8":0,"9":0,"10":0,"11":0,"12":0,"13":0,"14":0,"15":0,"16":0,"17":0},"f":{"0":0,"1":0,"2":0,"3":0,"4":0,"5":0},"b":{"0":[0,0],"1":[0,0],"2":[0,0],"3":[0,0]},"meta":{"lastBranch":4,"lastFunction":6,"lastStatement":18,"seen":{"s:11:68:11:Infinity":0,"s:12:51:12:Infinity":1,"s:13:53:13:Infinity":2,"f:15:9:15:37":0,"b:16:2:20:Infinity:undefined:undefined:undefined:undefined":0,"s:16:2:20:Infinity":3,"s:17:4:19:Infinity":4,"s:21:2:21:Infinity":5,"f:24:9:24:30":1,"b:25:2:29:Infinity:undefined:undefined:undefined:undefined":1,"s:25:2:29:Infinity":6,"s:26:4:28:Infinity":7,"s:30:2:30:Infinity":8,"f:33:9:33:29":2,"b:34:2:38:Infinity:undefined:undefined:undefined:undefined":2,"s:34:2:38:Infinity":9,"s:35:4:37:Infinity":10,"s:39:2:39:Infinity":11,"f:45:22:45:38":3,"s:46:16:46:Infinity":12,"b:48:2:55:Infinity:undefined:undefined:undefined:undefined":3,"s:48:2:55:Infinity":13,"s:50:4:54:Infinity":14,"s:57:2:61:Infinity":15,"f:67:22:67:35":4,"s:68:2:78:Infinity":16,"f:84:22:84:40":5,"s:85:2:95:Infinity":17}}}
,"/Users/sboyuk/Desktop/retention-agent-ai/packages/api/src/lib/aiAgent.ts": {"path":"/Users/sboyuk/Desktop/retention-agent-ai/packages/api/src/lib/aiAgent.ts","statementMap":{"0":{"start":{"line":41,"column":2},"end":{"line":82,"column":null}},"1":{"start":{"line":42,"column":10},"end":{"line":42,"column":null}},"2":{"start":{"line":43,"column":21},"end":{"line":64,"column":null}},"3":{"start":{"line":66,"column":19},"end":{"line":66,"column":null}},"4":{"start":{"line":68,"column":4},"end":{"line":75,"column":null}},"5":{"start":{"line":74,"column":6},"end":{"line":74,"column":null}},"6":{"start":{"line":78,"column":4},"end":{"line":78,"column":null}},"7":{"start":{"line":80,"column":4},"end":{"line":80,"column":null}},"8":{"start":{"line":81,"column":4},"end":{"line":81,"column":null}},"9":{"start":{"line":97,"column":8},"end":{"line":97,"column":null}},"10":{"start":{"line":100,"column":29},"end":{"line":104,"column":null}},"11":{"start":{"line":106,"column":29},"end":{"line":106,"column":null}},"12":{"start":{"line":107,"column":46},"end":{"line":109,"column":null}},"13":{"start":{"line":112,"column":8},"end":{"line":112,"column":null}},"14":{"start":{"line":114,"column":2},"end":{"line":127,"column":null}},"15":{"start":{"line":115,"column":4},"end":{"line":117,"column":null}},"16":{"start":{"line":116,"column":6},"end":{"line":116,"column":null}},"17":{"start":{"line":119,"column":4},"end":{"line":126,"column":null}},"18":{"start":{"line":130,"column":17},"end":{"line":130,"column":null}},"19":{"start":{"line":132,"column":18},"end":{"line":132,"column":null}},"20":{"start":{"line":133,"column":23},"end":{"line":133,"column":null}},"21":{"start":{"line":134,"column":18},"end":{"line":134,"column":null}},"22":{"start":{"line":137,"column":36},"end":{"line":137,"column":null}},"23":{"start":{"line":140,"column":19},"end":{"line":140,"column":null}},"24":{"start":{"line":141,"column":2},"end":{"line":190,"column":null}},"25":{"start":{"line":142,"column":4},"end":{"line":189,"column":null}},"26":{"start":{"line":144,"column":6},"end":{"line":147,"column":null}},"27":{"start":{"line":145,"column":31},"end":{"line":145,"column":null}},"28":{"start":{"line":146,"column":8},"end":{"line":146,"column":null}},"29":{"start":{"line":146,"column":52},"end":{"line":146,"column":63}},"30":{"start":{"line":149,"column":24},"end":{"line":155,"column":null}},"31":{"start":{"line":157,"column":6},"end":{"line":159,"column":null}},"32":{"start":{"line":158,"column":8},"end":{"line":158,"column":null}},"33":{"start":{"line":162,"column":44},"end":{"line":162,"column":null}},"34":{"start":{"line":163,"column":6},"end":{"line":175,"column":null}},"35":{"start":{"line":164,"column":8},"end":{"line":166,"column":null}},"36":{"start":{"line":165,"column":10},"end":{"line":165,"column":null}},"37":{"start":{"line":169,"column":30},"end":{"line":169,"column":null}},"38":{"start":{"line":169,"column":71},"end":{"line":169,"column":82}},"39":{"start":{"line":170,"column":8},"end":{"line":174,"column":null}},"40":{"start":{"line":171,"column":10},"end":{"line":171,"column":null}},"41":{"start":{"line":173,"column":10},"end":{"line":173,"column":null}},"42":{"start":{"line":177,"column":6},"end":{"line":186,"column":null}},"43":{"start":{"line":178,"column":29},"end":{"line":178,"column":null}},"44":{"start":{"line":179,"column":8},"end":{"line":185,"column":null}},"45":{"start":{"line":180,"column":31},"end":{"line":183,"column":null}},"46":{"start":{"line":182,"column":14},"end":{"line":182,"column":null}},"47":{"start":{"line":184,"column":10},"end":{"line":184,"column":null}},"48":{"start":{"line":188,"column":6},"end":{"line":188,"column":null}},"49":{"start":{"line":193,"column":23},"end":{"line":199,"column":null}},"50":{"start":{"line":202,"column":73},"end":{"line":207,"column":null}},"51":{"start":{"line":210,"column":24},"end":{"line":210,"column":null}},"52":{"start":{"line":211,"column":2},"end":{"line":216,"column":null}},"53":{"start":{"line":212,"column":4},"end":{"line":215,"column":null}},"54":{"start":{"line":219,"column":2},"end":{"line":222,"column":null}},"55":{"start":{"line":225,"column":2},"end":{"line":284,"column":null}},"56":{"start":{"line":226,"column":21},"end":{"line":231,"column":null}},"57":{"start":{"line":233,"column":21},"end":{"line":233,"column":null}},"58":{"start":{"line":236,"column":10},"end":{"line":236,"column":null}},"59":{"start":{"line":238,"column":4},"end":{"line":254,"column":null}},"60":{"start":{"line":239,"column":6},"end":{"line":239,"column":null}},"61":{"start":{"line":241,"column":6},"end":{"line":243,"column":null}},"62":{"start":{"line":242,"column":8},"end":{"line":242,"column":null}},"63":{"start":{"line":245,"column":6},"end":{"line":253,"column":null}},"64":{"start":{"line":257,"column":23},"end":{"line":257,"column":null}},"65":{"start":{"line":258,"column":4},"end":{"line":271,"column":null}},"66":{"start":{"line":260,"column":6},"end":{"line":270,"column":null}},"67":{"start":{"line":261,"column":8},"end":{"line":266,"column":null}},"68":{"start":{"line":268,"column":8},"end":{"line":268,"column":null}},"69":{"start":{"line":273,"column":4},"end":{"line":280,"column":null}},"70":{"start":{"line":282,"column":4},"end":{"line":282,"column":null}},"71":{"start":{"line":283,"column":4},"end":{"line":283,"column":null}},"72":{"start":{"line":297,"column":15},"end":{"line":297,"column":null}},"73":{"start":{"line":300,"column":2},"end":{"line":314,"column":null}},"74":{"start":{"line":301,"column":43},"end":{"line":306,"column":null}},"75":{"start":{"line":307,"column":4},"end":{"line":307,"column":null}},"76":{"start":{"line":308,"column":4},"end":{"line":312,"column":null}},"77":{"start":{"line":309,"column":6},"end":{"line":311,"column":null}},"78":{"start":{"line":310,"column":8},"end":{"line":310,"column":null}},"79":{"start":{"line":313,"column":4},"end":{"line":313,"column":null}},"80":{"start":{"line":317,"column":2},"end":{"line":319,"column":null}},"81":{"start":{"line":318,"column":4},"end":{"line":318,"column":null}},"82":{"start":{"line":320,"column":2},"end":{"line":322,"column":null}},"83":{"start":{"line":321,"column":4},"end":{"line":321,"column":null}},"84":{"start":{"line":325,"column":2},"end":{"line":341,"column":null}},"85":{"start":{"line":327,"column":6},"end":{"line":328,"column":null}},"86":{"start":{"line":329,"column":6},"end":{"line":329,"column":null}},"87":{"start":{"line":331,"column":6},"end":{"line":332,"column":null}},"88":{"start":{"line":333,"column":6},"end":{"line":333,"column":null}},"89":{"start":{"line":335,"column":6},"end":{"line":335,"column":null}},"90":{"start":{"line":336,"column":6},"end":{"line":336,"column":null}},"91":{"start":{"line":338,"column":6},"end":{"line":339,"column":null}},"92":{"start":{"line":340,"column":6},"end":{"line":340,"column":null}},"93":{"start":{"line":344,"column":2},"end":{"line":354,"column":null}},"94":{"start":{"line":345,"column":4},"end":{"line":345,"column":null}},"95":{"start":{"line":346,"column":4},"end":{"line":347,"column":null}},"96":{"start":{"line":348,"column":2},"end":{"line":354,"column":null}},"97":{"start":{"line":350,"column":4},"end":{"line":351,"column":null}},"98":{"start":{"line":356,"column":2},"end":{"line":357,"column":null}},"99":{"start":{"line":359,"column":2},"end":{"line":359,"column":null}}},"fnMap":{"0":{"name":"classifyIntent","decl":{"start":{"line":40,"column":22},"end":{"line":40,"column":37}},"loc":{"start":{"line":40,"column":71},"end":{"line":83,"column":null}},"line":40},"1":{"name":"generateAIResponse","decl":{"start":{"line":88,"column":22},"end":{"line":88,"column":null}},"loc":{"start":{"line":96,"column":23},"end":{"line":285,"column":null}},"line":96},"2":{"name":"(anonymous_2)","decl":{"start":{"line":146,"column":45},"end":{"line":146,"column":46}},"loc":{"start":{"line":146,"column":52},"end":{"line":146,"column":63}},"line":146},"3":{"name":"(anonymous_3)","decl":{"start":{"line":169,"column":64},"end":{"line":169,"column":65}},"loc":{"start":{"line":169,"column":71},"end":{"line":169,"column":82}},"line":169},"4":{"name":"(anonymous_4)","decl":{"start":{"line":181,"column":12},"end":{"line":181,"column":13}},"loc":{"start":{"line":182,"column":14},"end":{"line":182,"column":null}},"line":182},"5":{"name":"buildSystemPrompt","decl":{"start":{"line":290,"column":9},"end":{"line":290,"column":null}},"loc":{"start":{"line":296,"column":10},"end":{"line":360,"column":null}},"line":296}},"branchMap":{"0":{"loc":{"start":{"line":68,"column":4},"end":{"line":75,"column":null}},"type":"if","locations":[{"start":{"line":68,"column":4},"end":{"line":75,"column":null}},{"start":{},"end":{}}],"line":68},"1":{"loc":{"start":{"line":69,"column":6},"end":{"line":72,"column":null}},"type":"binary-expr","locations":[{"start":{"line":69,"column":6},"end":{"line":69,"column":null}},{"start":{"line":70,"column":6},"end":{"line":70,"column":null}},{"start":{"line":71,"column":6},"end":{"line":71,"column":null}},{"start":{"line":72,"column":6},"end":{"line":72,"column":null}}],"line":69},"2":{"loc":{"start":{"line":94,"column":2},"end":{"line":94,"column":null}},"type":"default-arg","locations":[{"start":{"line":94,"column":47},"end":{"line":94,"column":null}}],"line":94},"3":{"loc":{"start":{"line":106,"column":29},"end":{"line":106,"column":null}},"type":"binary-expr","locations":[{"start":{"line":106,"column":29},"end":{"line":106,"column":99}},{"start":{"line":106,"column":99},"end":{"line":106,"column":null}}],"line":106},"4":{"loc":{"start":{"line":107,"column":46},"end":{"line":109,"column":null}},"type":"cond-expr","locations":[{"start":{"line":108,"column":7},"end":{"line":108,"column":null}},{"start":{"line":109,"column":6},"end":{"line":109,"column":null}}],"line":107},"5":{"loc":{"start":{"line":114,"column":2},"end":{"line":127,"column":null}},"type":"if","locations":[{"start":{"line":114,"column":2},"end":{"line":127,"column":null}},{"start":{},"end":{}}],"line":114},"6":{"loc":{"start":{"line":115,"column":4},"end":{"line":117,"column":null}},"type":"if","locations":[{"start":{"line":115,"column":4},"end":{"line":117,"column":null}},{"start":{},"end":{}}],"line":115},"7":{"loc":{"start":{"line":116,"column":52},"end":{"line":116,"column":86}},"type":"binary-expr","locations":[{"start":{"line":116,"column":52},"end":{"line":116,"column":76}},{"start":{"line":116,"column":76},"end":{"line":116,"column":86}}],"line":116},"8":{"loc":{"start":{"line":121,"column":16},"end":{"line":121,"column":null}},"type":"binary-expr","locations":[{"start":{"line":121,"column":16},"end":{"line":121,"column":51}},{"start":{"line":121,"column":30},"end":{"line":121,"column":null}}],"line":121},"9":{"loc":{"start":{"line":121,"column":67},"end":{"line":121,"column":99}},"type":"binary-expr","locations":[{"start":{"line":121,"column":67},"end":{"line":121,"column":91}},{"start":{"line":121,"column":91},"end":{"line":121,"column":99}}],"line":121},"10":{"loc":{"start":{"line":132,"column":18},"end":{"line":132,"column":null}},"type":"binary-expr","locations":[{"start":{"line":132,"column":18},"end":{"line":132,"column":48}},{"start":{"line":132,"column":48},"end":{"line":132,"column":null}}],"line":132},"11":{"loc":{"start":{"line":133,"column":23},"end":{"line":133,"column":null}},"type":"binary-expr","locations":[{"start":{"line":133,"column":23},"end":{"line":133,"column":41}},{"start":{"line":133,"column":41},"end":{"line":133,"column":null}}],"line":133},"12":{"loc":{"start":{"line":137,"column":36},"end":{"line":137,"column":null}},"type":"cond-expr","locations":[{"start":{"line":137,"column":97},"end":{"line":137,"column":118}},{"start":{"line":137,"column":118},"end":{"line":137,"column":null}}],"line":137},"13":{"loc":{"start":{"line":141,"column":2},"end":{"line":190,"column":null}},"type":"if","locations":[{"start":{"line":141,"column":2},"end":{"line":190,"column":null}},{"start":{},"end":{}}],"line":141},"14":{"loc":{"start":{"line":144,"column":6},"end":{"line":147,"column":null}},"type":"if","locations":[{"start":{"line":144,"column":6},"end":{"line":147,"column":null}},{"start":{},"end":{}}],"line":144},"15":{"loc":{"start":{"line":152,"column":20},"end":{"line":152,"column":null}},"type":"cond-expr","locations":[{"start":{"line":152,"column":46},"end":{"line":152,"column":64}},{"start":{"line":152,"column":64},"end":{"line":152,"column":null}}],"line":152},"16":{"loc":{"start":{"line":157,"column":6},"end":{"line":159,"column":null}},"type":"if","locations":[{"start":{"line":157,"column":6},"end":{"line":159,"column":null}},{"start":{},"end":{}}],"line":157},"17":{"loc":{"start":{"line":163,"column":6},"end":{"line":175,"column":null}},"type":"if","locations":[{"start":{"line":163,"column":6},"end":{"line":175,"column":null}},{"start":{"line":167,"column":13},"end":{"line":175,"column":null}}],"line":163},"18":{"loc":{"start":{"line":164,"column":8},"end":{"line":166,"column":null}},"type":"if","locations":[{"start":{"line":164,"column":8},"end":{"line":166,"column":null}},{"start":{},"end":{}}],"line":164},"19":{"loc":{"start":{"line":164,"column":12},"end":{"line":164,"column":70}},"type":"binary-expr","locations":[{"start":{"line":164,"column":12},"end":{"line":164,"column":23}},{"start":{"line":164,"column":23},"end":{"line":164,"column":42}},{"start":{"line":164,"column":42},"end":{"line":164,"column":70}}],"line":164},"20":{"loc":{"start":{"line":170,"column":8},"end":{"line":174,"column":null}},"type":"if","locations":[{"start":{"line":170,"column":8},"end":{"line":174,"column":null}},{"start":{"line":172,"column":15},"end":{"line":174,"column":null}}],"line":170},"21":{"loc":{"start":{"line":170,"column":12},"end":{"line":170,"column":70}},"type":"binary-expr","locations":[{"start":{"line":170,"column":12},"end":{"line":170,"column":23}},{"start":{"line":170,"column":23},"end":{"line":170,"column":42}},{"start":{"line":170,"column":42},"end":{"line":170,"column":70}}],"line":170},"22":{"loc":{"start":{"line":177,"column":6},"end":{"line":186,"column":null}},"type":"if","locations":[{"start":{"line":177,"column":6},"end":{"line":186,"column":null}},{"start":{},"end":{}}],"line":177},"23":{"loc":{"start":{"line":179,"column":8},"end":{"line":185,"column":null}},"type":"if","locations":[{"start":{"line":179,"column":8},"end":{"line":185,"column":null}},{"start":{},"end":{}}],"line":179},"24":{"loc":{"start":{"line":182,"column":18},"end":{"line":182,"column":45}},"type":"binary-expr","locations":[{"start":{"line":182,"column":18},"end":{"line":182,"column":36}},{"start":{"line":182,"column":36},"end":{"line":182,"column":45}}],"line":182},"25":{"loc":{"start":{"line":182,"column":90},"end":{"line":182,"column":146}},"type":"cond-expr","locations":[{"start":{"line":182,"column":109},"end":{"line":182,"column":144}},{"start":{"line":182,"column":144},"end":{"line":182,"column":146}}],"line":182},"26":{"loc":{"start":{"line":184,"column":25},"end":{"line":184,"column":53}},"type":"cond-expr","locations":[{"start":{"line":184,"column":38},"end":{"line":184,"column":47}},{"start":{"line":184,"column":47},"end":{"line":184,"column":53}}],"line":184},"27":{"loc":{"start":{"line":213,"column":12},"end":{"line":213,"column":null}},"type":"cond-expr","locations":[{"start":{"line":213,"column":34},"end":{"line":213,"column":43}},{"start":{"line":213,"column":43},"end":{"line":213,"column":null}}],"line":213},"28":{"loc":{"start":{"line":229,"column":19},"end":{"line":229,"column":null}},"type":"binary-expr","locations":[{"start":{"line":229,"column":19},"end":{"line":229,"column":42}},{"start":{"line":229,"column":42},"end":{"line":229,"column":null}}],"line":229},"29":{"loc":{"start":{"line":233,"column":21},"end":{"line":233,"column":null}},"type":"binary-expr","locations":[{"start":{"line":233,"column":21},"end":{"line":233,"column":62}},{"start":{"line":233,"column":62},"end":{"line":233,"column":null}}],"line":233},"30":{"loc":{"start":{"line":238,"column":4},"end":{"line":254,"column":null}},"type":"if","locations":[{"start":{"line":238,"column":4},"end":{"line":254,"column":null}},{"start":{},"end":{}}],"line":238},"31":{"loc":{"start":{"line":239,"column":19},"end":{"line":239,"column":null}},"type":"binary-expr","locations":[{"start":{"line":239,"column":19},"end":{"line":239,"column":58}},{"start":{"line":239,"column":37},"end":{"line":239,"column":null}}],"line":239},"32":{"loc":{"start":{"line":239,"column":74},"end":{"line":239,"column":110}},"type":"binary-expr","locations":[{"start":{"line":239,"column":74},"end":{"line":239,"column":102}},{"start":{"line":239,"column":102},"end":{"line":239,"column":110}}],"line":239},"33":{"loc":{"start":{"line":241,"column":6},"end":{"line":243,"column":null}},"type":"if","locations":[{"start":{"line":241,"column":6},"end":{"line":243,"column":null}},{"start":{},"end":{}}],"line":241},"34":{"loc":{"start":{"line":242,"column":54},"end":{"line":242,"column":92}},"type":"binary-expr","locations":[{"start":{"line":242,"column":54},"end":{"line":242,"column":82}},{"start":{"line":242,"column":82},"end":{"line":242,"column":92}}],"line":242},"35":{"loc":{"start":{"line":248,"column":20},"end":{"line":248,"column":null}},"type":"binary-expr","locations":[{"start":{"line":248,"column":20},"end":{"line":248,"column":34}},{"start":{"line":248,"column":34},"end":{"line":248,"column":null}}],"line":248},"36":{"loc":{"start":{"line":258,"column":4},"end":{"line":271,"column":null}},"type":"if","locations":[{"start":{"line":258,"column":4},"end":{"line":271,"column":null}},{"start":{},"end":{}}],"line":258},"37":{"loc":{"start":{"line":258,"column":8},"end":{"line":258,"column":38}},"type":"binary-expr","locations":[{"start":{"line":258,"column":8},"end":{"line":258,"column":29}},{"start":{"line":258,"column":29},"end":{"line":258,"column":38}}],"line":258},"38":{"loc":{"start":{"line":276,"column":18},"end":{"line":276,"column":null}},"type":"binary-expr","locations":[{"start":{"line":276,"column":18},"end":{"line":276,"column":32}},{"start":{"line":276,"column":32},"end":{"line":276,"column":null}}],"line":276},"39":{"loc":{"start":{"line":278,"column":23},"end":{"line":278,"column":null}},"type":"binary-expr","locations":[{"start":{"line":278,"column":23},"end":{"line":278,"column":56}},{"start":{"line":278,"column":56},"end":{"line":278,"column":null}}],"line":278},"40":{"loc":{"start":{"line":300,"column":2},"end":{"line":314,"column":null}},"type":"if","locations":[{"start":{"line":300,"column":2},"end":{"line":314,"column":null}},{"start":{},"end":{}}],"line":300},"41":{"loc":{"start":{"line":300,"column":6},"end":{"line":300,"column":50}},"type":"binary-expr","locations":[{"start":{"line":300,"column":6},"end":{"line":300,"column":17}},{"start":{"line":300,"column":17},"end":{"line":300,"column":50}}],"line":300},"42":{"loc":{"start":{"line":309,"column":6},"end":{"line":311,"column":null}},"type":"if","locations":[{"start":{"line":309,"column":6},"end":{"line":311,"column":null}},{"start":{},"end":{}}],"line":309},"43":{"loc":{"start":{"line":310,"column":21},"end":{"line":310,"column":39}},"type":"binary-expr","locations":[{"start":{"line":310,"column":21},"end":{"line":310,"column":36}},{"start":{"line":310,"column":36},"end":{"line":310,"column":39}}],"line":310},"44":{"loc":{"start":{"line":317,"column":2},"end":{"line":319,"column":null}},"type":"if","locations":[{"start":{"line":317,"column":2},"end":{"line":319,"column":null}},{"start":{},"end":{}}],"line":317},"45":{"loc":{"start":{"line":320,"column":2},"end":{"line":322,"column":null}},"type":"if","locations":[{"start":{"line":320,"column":2},"end":{"line":322,"column":null}},{"start":{},"end":{}}],"line":320},"46":{"loc":{"start":{"line":325,"column":2},"end":{"line":341,"column":null}},"type":"switch","locations":[{"start":{"line":326,"column":4},"end":{"line":329,"column":null}},{"start":{"line":330,"column":4},"end":{"line":333,"column":null}},{"start":{"line":334,"column":4},"end":{"line":336,"column":null}},{"start":{"line":337,"column":4},"end":{"line":340,"column":null}}],"line":325},"47":{"loc":{"start":{"line":344,"column":2},"end":{"line":354,"column":null}},"type":"if","locations":[{"start":{"line":344,"column":2},"end":{"line":354,"column":null}},{"start":{"line":348,"column":2},"end":{"line":354,"column":null}}],"line":344},"48":{"loc":{"start":{"line":348,"column":2},"end":{"line":354,"column":null}},"type":"if","locations":[{"start":{"line":348,"column":2},"end":{"line":354,"column":null}},{"start":{},"end":{}}],"line":348}},"s":{"0":6,"1":6,"2":6,"3":5,"4":6,"5":4,"6":1,"7":1,"8":1,"9":3,"10":3,"11":3,"12":3,"13":3,"14":3,"15":1,"16":1,"17":1,"18":2,"19":2,"20":3,"21":3,"22":2,"23":3,"24":3,"25":1,"26":1,"27":0,"28":0,"29":0,"30":1,"31":1,"32":1,"33":1,"34":1,"35":1,"36":0,"37":0,"38":0,"39":0,"40":0,"41":0,"42":1,"43":0,"44":0,"45":0,"46":0,"47":0,"48":0,"49":2,"50":2,"51":2,"52":2,"53":2,"54":2,"55":2,"56":2,"57":2,"58":3,"59":3,"60":0,"61":0,"62":0,"63":0,"64":2,"65":2,"66":0,"67":0,"68":0,"69":2,"70":0,"71":0,"72":2,"73":2,"74":0,"75":0,"76":0,"77":0,"78":0,"79":0,"80":2,"81":0,"82":2,"83":0,"84":2,"85":1,"86":1,"87":0,"88":0,"89":1,"90":1,"91":0,"92":0,"93":2,"94":1,"95":1,"96":1,"97":0,"98":2,"99":2},"f":{"0":6,"1":3,"2":0,"3":0,"4":0,"5":2},"b":{"0":[4,2],"1":[6,3,2,1],"2":[3],"3":[3,3],"4":[0,3],"5":[1,2],"6":[1,0],"7":[1,0],"8":[1,1],"9":[1,0],"10":[2,2],"11":[3,2],"12":[0,2],"13":[1,2],"14":[0,1],"15":[0,1],"16":[1,0],"17":[1,0],"18":[0,1],"19":[1,0,0],"20":[0,0],"21":[0,0,0],"22":[0,1],"23":[0,0],"24":[0,0],"25":[0,0],"26":[0,0],"27":[1,1],"28":[2,2],"29":[2,0],"30":[0,3],"31":[0,0],"32":[0,0],"33":[0,0],"34":[0,0],"35":[0,0],"36":[0,2],"37":[2,1],"38":[2,1],"39":[3,2],"40":[0,2],"41":[2,2],"42":[0,0],"43":[0,0],"44":[0,2],"45":[0,2],"46":[1,0,1,0],"47":[1,1],"48":[0,1]},"meta":{"lastBranch":49,"lastFunction":6,"lastStatement":100,"seen":{"f:40:22:40:37":0,"s:41:2:82:Infinity":0,"s:42:10:42:Infinity":1,"s:43:21:64:Infinity":2,"s:66:19:66:Infinity":3,"b:68:4:75:Infinity:undefined:undefined:undefined:undefined":0,"s:68:4:75:Infinity":4,"b:69:6:69:Infinity:70:6:70:Infinity:71:6:71:Infinity:72:6:72:Infinity":1,"s:74:6:74:Infinity":5,"s:78:4:78:Infinity":6,"s:80:4:80:Infinity":7,"s:81:4:81:Infinity":8,"f:88:22:88:Infinity":1,"b:94:47:94:Infinity":2,"s:97:8:97:Infinity":9,"s:100:29:104:Infinity":10,"s:106:29:106:Infinity":11,"b:106:29:106:99:106:99:106:Infinity":3,"s:107:46:109:Infinity":12,"b:108:7:108:Infinity:109:6:109:Infinity":4,"s:112:8:112:Infinity":13,"b:114:2:127:Infinity:undefined:undefined:undefined:undefined":5,"s:114:2:127:Infinity":14,"b:115:4:117:Infinity:undefined:undefined:undefined:undefined":6,"s:115:4:117:Infinity":15,"s:116:6:116:Infinity":16,"b:116:52:116:76:116:76:116:86":7,"s:119:4:126:Infinity":17,"b:121:16:121:51:121:30:121:Infinity":8,"b:121:67:121:91:121:91:121:99":9,"s:130:17:130:Infinity":18,"s:132:18:132:Infinity":19,"b:132:18:132:48:132:48:132:Infinity":10,"s:133:23:133:Infinity":20,"b:133:23:133:41:133:41:133:Infinity":11,"s:134:18:134:Infinity":21,"s:137:36:137:Infinity":22,"b:137:97:137:118:137:118:137:Infinity":12,"s:140:19:140:Infinity":23,"b:141:2:190:Infinity:undefined:undefined:undefined:undefined":13,"s:141:2:190:Infinity":24,"s:142:4:189:Infinity":25,"b:144:6:147:Infinity:undefined:undefined:undefined:undefined":14,"s:144:6:147:Infinity":26,"s:145:31:145:Infinity":27,"s:146:8:146:Infinity":28,"f:146:45:146:46":2,"s:146:52:146:63":29,"s:149:24:155:Infinity":30,"b:152:46:152:64:152:64:152:Infinity":15,"b:157:6:159:Infinity:undefined:undefined:undefined:undefined":16,"s:157:6:159:Infinity":31,"s:158:8:158:Infinity":32,"s:162:44:162:Infinity":33,"b:163:6:175:Infinity:167:13:175:Infinity":17,"s:163:6:175:Infinity":34,"b:164:8:166:Infinity:undefined:undefined:undefined:undefined":18,"s:164:8:166:Infinity":35,"b:164:12:164:23:164:23:164:42:164:42:164:70":19,"s:165:10:165:Infinity":36,"s:169:30:169:Infinity":37,"f:169:64:169:65":3,"s:169:71:169:82":38,"b:170:8:174:Infinity:172:15:174:Infinity":20,"s:170:8:174:Infinity":39,"b:170:12:170:23:170:23:170:42:170:42:170:70":21,"s:171:10:171:Infinity":40,"s:173:10:173:Infinity":41,"b:177:6:186:Infinity:undefined:undefined:undefined:undefined":22,"s:177:6:186:Infinity":42,"s:178:29:178:Infinity":43,"b:179:8:185:Infinity:undefined:undefined:undefined:undefined":23,"s:179:8:185:Infinity":44,"s:180:31:183:Infinity":45,"f:181:12:181:13":4,"s:182:14:182:Infinity":46,"b:182:18:182:36:182:36:182:45":24,"b:182:109:182:144:182:144:182:146":25,"s:184:10:184:Infinity":47,"b:184:38:184:47:184:47:184:53":26,"s:188:6:188:Infinity":48,"s:193:23:199:Infinity":49,"s:202:73:207:Infinity":50,"s:210:24:210:Infinity":51,"s:211:2:216:Infinity":52,"s:212:4:215:Infinity":53,"b:213:34:213:43:213:43:213:Infinity":27,"s:219:2:222:Infinity":54,"s:225:2:284:Infinity":55,"s:226:21:231:Infinity":56,"b:229:19:229:42:229:42:229:Infinity":28,"s:233:21:233:Infinity":57,"b:233:21:233:62:233:62:233:Infinity":29,"s:236:10:236:Infinity":58,"b:238:4:254:Infinity:undefined:undefined:undefined:undefined":30,"s:238:4:254:Infinity":59,"s:239:6:239:Infinity":60,"b:239:19:239:58:239:37:239:Infinity":31,"b:239:74:239:102:239:102:239:110":32,"b:241:6:243:Infinity:undefined:undefined:undefined:undefined":33,"s:241:6:243:Infinity":61,"s:242:8:242:Infinity":62,"b:242:54:242:82:242:82:242:92":34,"s:245:6:253:Infinity":63,"b:248:20:248:34:248:34:248:Infinity":35,"s:257:23:257:Infinity":64,"b:258:4:271:Infinity:undefined:undefined:undefined:undefined":36,"s:258:4:271:Infinity":65,"b:258:8:258:29:258:29:258:38":37,"s:260:6:270:Infinity":66,"s:261:8:266:Infinity":67,"s:268:8:268:Infinity":68,"s:273:4:280:Infinity":69,"b:276:18:276:32:276:32:276:Infinity":38,"b:278:23:278:56:278:56:278:Infinity":39,"s:282:4:282:Infinity":70,"s:283:4:283:Infinity":71,"f:290:9:290:Infinity":5,"s:297:15:297:Infinity":72,"b:300:2:314:Infinity:undefined:undefined:undefined:undefined":40,"s:300:2:314:Infinity":73,"b:300:6:300:17:300:17:300:50":41,"s:301:43:306:Infinity":74,"s:307:4:307:Infinity":75,"s:308:4:312:Infinity":76,"b:309:6:311:Infinity:undefined:undefined:undefined:undefined":42,"s:309:6:311:Infinity":77,"s:310:8:310:Infinity":78,"b:310:21:310:36:310:36:310:39":43,"s:313:4:313:Infinity":79,"b:317:2:319:Infinity:undefined:undefined:undefined:undefined":44,"s:317:2:319:Infinity":80,"s:318:4:318:Infinity":81,"b:320:2:322:Infinity:undefined:undefined:undefined:undefined":45,"s:320:2:322:Infinity":82,"s:321:4:321:Infinity":83,"b:326:4:329:Infinity:330:4:333:Infinity:334:4:336:Infinity:337:4:340:Infinity":46,"s:325:2:341:Infinity":84,"s:327:6:328:Infinity":85,"s:329:6:329:Infinity":86,"s:331:6:332:Infinity":87,"s:333:6:333:Infinity":88,"s:335:6:335:Infinity":89,"s:336:6:336:Infinity":90,"s:338:6:339:Infinity":91,"s:340:6:340:Infinity":92,"b:344:2:354:Infinity:348:2:354:Infinity":47,"s:344:2:354:Infinity":93,"s:345:4:345:Infinity":94,"s:346:4:347:Infinity":95,"b:348:2:354:Infinity:undefined:undefined:undefined:undefined":48,"s:348:2:354:Infinity":96,"s:350:4:351:Infinity":97,"s:356:2:357:Infinity":98,"s:359:2:359:Infinity":99}}}
,"/Users/sboyuk/Desktop/retention-agent-ai/packages/api/src/lib/apiKeyManager.ts": {"path":"/Users/sboyuk/Desktop/retention-agent-ai/packages/api/src/lib/apiKeyManager.ts","statementMap":{"0":{"start":{"line":38,"column":2},"end":{"line":38,"column":null}},"1":{"start":{"line":45,"column":2},"end":{"line":50,"column":null}},"2":{"start":{"line":60,"column":8},"end":{"line":60,"column":null}},"3":{"start":{"line":61,"column":8},"end":{"line":61,"column":null}},"4":{"start":{"line":62,"column":14},"end":{"line":62,"column":null}},"5":{"start":{"line":63,"column":20},"end":{"line":63,"column":null}},"6":{"start":{"line":64,"column":2},"end":{"line":64,"column":null}},"7":{"start":{"line":66,"column":2},"end":{"line":75,"column":null}},"8":{"start":{"line":82,"column":2},"end":{"line":87,"column":null}},"9":{"start":{"line":83,"column":4},"end":{"line":85,"column":null}},"10":{"start":{"line":84,"column":6},"end":{"line":84,"column":null}},"11":{"start":{"line":86,"column":4},"end":{"line":86,"column":null}},"12":{"start":{"line":94,"column":2},"end":{"line":96,"column":null}},"13":{"start":{"line":95,"column":4},"end":{"line":95,"column":null}},"14":{"start":{"line":97,"column":2},"end":{"line":97,"column":null}},"15":{"start":{"line":104,"column":2},"end":{"line":106,"column":null}},"16":{"start":{"line":105,"column":4},"end":{"line":105,"column":null}},"17":{"start":{"line":107,"column":25},"end":{"line":107,"column":null}},"18":{"start":{"line":108,"column":22},"end":{"line":108,"column":null}},"19":{"start":{"line":109,"column":2},"end":{"line":109,"column":null}},"20":{"start":{"line":110,"column":2},"end":{"line":110,"column":null}},"21":{"start":{"line":120,"column":2},"end":{"line":128,"column":null}},"22":{"start":{"line":121,"column":4},"end":{"line":126,"column":null}},"23":{"start":{"line":122,"column":6},"end":{"line":125,"column":null}},"24":{"start":{"line":127,"column":4},"end":{"line":127,"column":null}},"25":{"start":{"line":143,"column":32},"end":{"line":143,"column":null}},"26":{"start":{"line":146,"column":22},"end":{"line":157,"column":null}},"27":{"start":{"line":147,"column":4},"end":{"line":155,"column":null}},"28":{"start":{"line":148,"column":24},"end":{"line":148,"column":null}},"29":{"start":{"line":149,"column":6},"end":{"line":149,"column":null}},"30":{"start":{"line":150,"column":6},"end":{"line":154,"column":null}},"31":{"start":{"line":156,"column":4},"end":{"line":156,"column":null}},"32":{"start":{"line":160,"column":2},"end":{"line":160,"column":null}},"33":{"start":{"line":162,"column":2},"end":{"line":166,"column":null}},"34":{"start":{"line":173,"column":2},"end":{"line":173,"column":null}},"35":{"start":{"line":173,"column":33},"end":{"line":173,"column":54}},"36":{"start":{"line":180,"column":2},"end":{"line":180,"column":null}},"37":{"start":{"line":180,"column":31},"end":{"line":180,"column":48}}},"fnMap":{"0":{"name":"isLegacyApiKey","decl":{"start":{"line":37,"column":16},"end":{"line":37,"column":31}},"loc":{"start":{"line":37,"column":71},"end":{"line":39,"column":null}},"line":37},"1":{"name":"migrateLegacyApiKey","decl":{"start":{"line":44,"column":16},"end":{"line":44,"column":36}},"loc":{"start":{"line":44,"column":64},"end":{"line":51,"column":null}},"line":44},"2":{"name":"createApiKeyObject","decl":{"start":{"line":56,"column":16},"end":{"line":56,"column":35}},"loc":{"start":{"line":59,"column":2},"end":{"line":76,"column":null}},"line":59},"3":{"name":"normalizeApiKeys","decl":{"start":{"line":81,"column":16},"end":{"line":81,"column":33}},"loc":{"start":{"line":81,"column":74},"end":{"line":88,"column":null}},"line":81},"4":{"name":"(anonymous_4)","decl":{"start":{"line":82,"column":21},"end":{"line":82,"column":22}},"loc":{"start":{"line":82,"column":30},"end":{"line":87,"column":3}},"line":82},"5":{"name":"isApiKeyExpired","decl":{"start":{"line":93,"column":16},"end":{"line":93,"column":32}},"loc":{"start":{"line":93,"column":66},"end":{"line":98,"column":null}},"line":93},"6":{"name":"isApiKeyExpiringSoon","decl":{"start":{"line":103,"column":16},"end":{"line":103,"column":37}},"loc":{"start":{"line":103,"column":89},"end":{"line":111,"column":null}},"line":103},"7":{"name":"updateApiKeyLastUsed","decl":{"start":{"line":116,"column":16},"end":{"line":116,"column":null}},"loc":{"start":{"line":119,"column":18},"end":{"line":129,"column":null}},"line":119},"8":{"name":"(anonymous_8)","decl":{"start":{"line":120,"column":21},"end":{"line":120,"column":22}},"loc":{"start":{"line":120,"column":30},"end":{"line":128,"column":3}},"line":120},"9":{"name":"rotateApiKey","decl":{"start":{"line":134,"column":16},"end":{"line":134,"column":null}},"loc":{"start":{"line":142,"column":2},"end":{"line":167,"column":null}},"line":142},"10":{"name":"(anonymous_10)","decl":{"start":{"line":146,"column":34},"end":{"line":146,"column":35}},"loc":{"start":{"line":146,"column":43},"end":{"line":157,"column":3}},"line":146},"11":{"name":"removeExpiredKeys","decl":{"start":{"line":172,"column":16},"end":{"line":172,"column":34}},"loc":{"start":{"line":172,"column":75},"end":{"line":174,"column":null}},"line":172},"12":{"name":"(anonymous_12)","decl":{"start":{"line":173,"column":24},"end":{"line":173,"column":25}},"loc":{"start":{"line":173,"column":33},"end":{"line":173,"column":54}},"line":173},"13":{"name":"getApiKeyByHash","decl":{"start":{"line":179,"column":16},"end":{"line":179,"column":32}},"loc":{"start":{"line":179,"column":97},"end":{"line":181,"column":null}},"line":179},"14":{"name":"(anonymous_14)","decl":{"start":{"line":180,"column":22},"end":{"line":180,"column":23}},"loc":{"start":{"line":180,"column":31},"end":{"line":180,"column":48}},"line":180}},"branchMap":{"0":{"loc":{"start":{"line":56,"column":50},"end":{"line":56,"column":null}},"type":"default-arg","locations":[{"start":{"line":56,"column":74},"end":{"line":56,"column":null}}],"line":56},"1":{"loc":{"start":{"line":73,"column":12},"end":{"line":73,"column":null}},"type":"binary-expr","locations":[{"start":{"line":73,"column":12},"end":{"line":73,"column":20}},{"start":{"line":73,"column":20},"end":{"line":73,"column":null}}],"line":73},"2":{"loc":{"start":{"line":83,"column":4},"end":{"line":85,"column":null}},"type":"if","locations":[{"start":{"line":83,"column":4},"end":{"line":85,"column":null}},{"start":{},"end":{}}],"line":83},"3":{"loc":{"start":{"line":94,"column":2},"end":{"line":96,"column":null}},"type":"if","locations":[{"start":{"line":94,"column":2},"end":{"line":96,"column":null}},{"start":{},"end":{}}],"line":94},"4":{"loc":{"start":{"line":103,"column":62},"end":{"line":103,"column":89}},"type":"default-arg","locations":[{"start":{"line":103,"column":77},"end":{"line":103,"column":89}}],"line":103},"5":{"loc":{"start":{"line":104,"column":2},"end":{"line":106,"column":null}},"type":"if","locations":[{"start":{"line":104,"column":2},"end":{"line":106,"column":null}},{"start":{},"end":{}}],"line":104},"6":{"loc":{"start":{"line":110,"column":9},"end":{"line":110,"column":null}},"type":"binary-expr","locations":[{"start":{"line":110,"column":9},"end":{"line":110,"column":42}},{"start":{"line":110,"column":42},"end":{"line":110,"column":null}}],"line":110},"7":{"loc":{"start":{"line":121,"column":4},"end":{"line":126,"column":null}},"type":"if","locations":[{"start":{"line":121,"column":4},"end":{"line":126,"column":null}},{"start":{},"end":{}}],"line":121},"8":{"loc":{"start":{"line":147,"column":4},"end":{"line":155,"column":null}},"type":"if","locations":[{"start":{"line":147,"column":4},"end":{"line":155,"column":null}},{"start":{},"end":{}}],"line":147},"9":{"loc":{"start":{"line":153,"column":14},"end":{"line":153,"column":null}},"type":"cond-expr","locations":[{"start":{"line":153,"column":25},"end":{"line":153,"column":51}},{"start":{"line":153,"column":51},"end":{"line":153,"column":null}}],"line":153}},"s":{"0":6,"1":3,"2":26,"3":26,"4":26,"5":26,"6":26,"7":26,"8":4,"9":6,"10":3,"11":3,"12":8,"13":1,"14":7,"15":3,"16":1,"17":2,"18":2,"19":2,"20":2,"21":0,"22":0,"23":0,"24":0,"25":3,"26":3,"27":3,"28":3,"29":3,"30":3,"31":0,"32":3,"33":3,"34":3,"35":5,"36":3,"37":3},"f":{"0":6,"1":3,"2":26,"3":4,"4":6,"5":8,"6":3,"7":0,"8":0,"9":3,"10":3,"11":3,"12":5,"13":3,"14":3},"b":{"0":[26],"1":[26,2],"2":[3,3],"3":[1,7],"4":[3],"5":[1,2],"6":[2,1],"7":[0,0],"8":[3,0],"9":[3,0]},"meta":{"lastBranch":10,"lastFunction":15,"lastStatement":38,"seen":{"f:37:16:37:31":0,"s:38:2:38:Infinity":0,"f:44:16:44:36":1,"s:45:2:50:Infinity":1,"f:56:16:56:35":2,"b:56:74:56:Infinity":0,"s:60:8:60:Infinity":2,"s:61:8:61:Infinity":3,"s:62:14:62:Infinity":4,"s:63:20:63:Infinity":5,"s:64:2:64:Infinity":6,"s:66:2:75:Infinity":7,"b:73:12:73:20:73:20:73:Infinity":1,"f:81:16:81:33":3,"s:82:2:87:Infinity":8,"f:82:21:82:22":4,"b:83:4:85:Infinity:undefined:undefined:undefined:undefined":2,"s:83:4:85:Infinity":9,"s:84:6:84:Infinity":10,"s:86:4:86:Infinity":11,"f:93:16:93:32":5,"b:94:2:96:Infinity:undefined:undefined:undefined:undefined":3,"s:94:2:96:Infinity":12,"s:95:4:95:Infinity":13,"s:97:2:97:Infinity":14,"f:103:16:103:37":6,"b:103:77:103:89":4,"b:104:2:106:Infinity:undefined:undefined:undefined:undefined":5,"s:104:2:106:Infinity":15,"s:105:4:105:Infinity":16,"s:107:25:107:Infinity":17,"s:108:22:108:Infinity":18,"s:109:2:109:Infinity":19,"s:110:2:110:Infinity":20,"b:110:9:110:42:110:42:110:Infinity":6,"f:116:16:116:Infinity":7,"s:120:2:128:Infinity":21,"f:120:21:120:22":8,"b:121:4:126:Infinity:undefined:undefined:undefined:undefined":7,"s:121:4:126:Infinity":22,"s:122:6:125:Infinity":23,"s:127:4:127:Infinity":24,"f:134:16:134:Infinity":9,"s:143:32:143:Infinity":25,"s:146:22:157:Infinity":26,"f:146:34:146:35":10,"b:147:4:155:Infinity:undefined:undefined:undefined:undefined":8,"s:147:4:155:Infinity":27,"s:148:24:148:Infinity":28,"s:149:6:149:Infinity":29,"s:150:6:154:Infinity":30,"b:153:25:153:51:153:51:153:Infinity":9,"s:156:4:156:Infinity":31,"s:160:2:160:Infinity":32,"s:162:2:166:Infinity":33,"f:172:16:172:34":11,"s:173:2:173:Infinity":34,"f:173:24:173:25":12,"s:173:33:173:54":35,"f:179:16:179:32":13,"s:180:2:180:Infinity":36,"f:180:22:180:23":14,"s:180:31:180:48":37}}}
,"/Users/sboyuk/Desktop/retention-agent-ai/packages/api/src/lib/billing.ts": {"path":"/Users/sboyuk/Desktop/retention-agent-ai/packages/api/src/lib/billing.ts","statementMap":{"0":{"start":{"line":37,"column":8},"end":{"line":37,"column":null}},"1":{"start":{"line":39,"column":36},"end":{"line":43,"column":null}},"2":{"start":{"line":45,"column":2},"end":{"line":48,"column":null}},"3":{"start":{"line":46,"column":4},"end":{"line":46,"column":null}},"4":{"start":{"line":47,"column":4},"end":{"line":47,"column":null}},"5":{"start":{"line":50,"column":2},"end":{"line":60,"column":null}},"6":{"start":{"line":68,"column":17},"end":{"line":68,"column":null}},"7":{"start":{"line":69,"column":2},"end":{"line":71,"column":null}},"8":{"start":{"line":70,"column":4},"end":{"line":70,"column":null}},"9":{"start":{"line":73,"column":8},"end":{"line":73,"column":null}},"10":{"start":{"line":76,"column":51},"end":{"line":80,"column":null}},"11":{"start":{"line":82,"column":2},"end":{"line":85,"column":null}},"12":{"start":{"line":83,"column":4},"end":{"line":83,"column":null}},"13":{"start":{"line":84,"column":4},"end":{"line":84,"column":null}},"14":{"start":{"line":88,"column":43},"end":{"line":92,"column":null}},"15":{"start":{"line":94,"column":2},"end":{"line":97,"column":null}},"16":{"start":{"line":95,"column":4},"end":{"line":95,"column":null}},"17":{"start":{"line":96,"column":4},"end":{"line":96,"column":null}},"18":{"start":{"line":99,"column":17},"end":{"line":99,"column":null}},"19":{"start":{"line":102,"column":2},"end":{"line":102,"column":null}},"20":{"start":{"line":104,"column":2},"end":{"line":104,"column":null}},"21":{"start":{"line":114,"column":8},"end":{"line":114,"column":null}},"22":{"start":{"line":116,"column":26},"end":{"line":116,"column":null}},"23":{"start":{"line":118,"column":2},"end":{"line":118,"column":null}},"24":{"start":{"line":118,"column":20},"end":{"line":118,"column":null}},"25":{"start":{"line":119,"column":2},"end":{"line":119,"column":null}},"26":{"start":{"line":119,"column":22},"end":{"line":119,"column":null}},"27":{"start":{"line":120,"column":2},"end":{"line":120,"column":null}},"28":{"start":{"line":120,"column":44},"end":{"line":120,"column":null}},"29":{"start":{"line":121,"column":2},"end":{"line":121,"column":null}},"30":{"start":{"line":121,"column":31},"end":{"line":121,"column":null}},"31":{"start":{"line":122,"column":2},"end":{"line":122,"column":null}},"32":{"start":{"line":122,"column":27},"end":{"line":122,"column":null}},"33":{"start":{"line":123,"column":2},"end":{"line":123,"column":null}},"34":{"start":{"line":123,"column":36},"end":{"line":123,"column":null}},"35":{"start":{"line":124,"column":2},"end":{"line":124,"column":null}},"36":{"start":{"line":124,"column":34},"end":{"line":124,"column":null}},"37":{"start":{"line":125,"column":2},"end":{"line":125,"column":null}},"38":{"start":{"line":125,"column":27},"end":{"line":125,"column":null}},"39":{"start":{"line":126,"column":2},"end":{"line":126,"column":null}},"40":{"start":{"line":126,"column":28},"end":{"line":126,"column":null}},"41":{"start":{"line":128,"column":20},"end":{"line":131,"column":null}},"42":{"start":{"line":133,"column":2},"end":{"line":136,"column":null}},"43":{"start":{"line":134,"column":4},"end":{"line":134,"column":null}},"44":{"start":{"line":135,"column":4},"end":{"line":135,"column":null}},"45":{"start":{"line":139,"column":2},"end":{"line":141,"column":null}},"46":{"start":{"line":140,"column":4},"end":{"line":140,"column":null}},"47":{"start":{"line":143,"column":2},"end":{"line":143,"column":null}},"48":{"start":{"line":150,"column":23},"end":{"line":150,"column":null}},"49":{"start":{"line":151,"column":2},"end":{"line":151,"column":null}},"50":{"start":{"line":151,"column":21},"end":{"line":151,"column":null}},"51":{"start":{"line":153,"column":2},"end":{"line":155,"column":null}},"52":{"start":{"line":154,"column":4},"end":{"line":154,"column":null}},"53":{"start":{"line":157,"column":2},"end":{"line":157,"column":null}},"54":{"start":{"line":164,"column":23},"end":{"line":164,"column":null}},"55":{"start":{"line":165,"column":2},"end":{"line":165,"column":null}},"56":{"start":{"line":165,"column":21},"end":{"line":165,"column":null}},"57":{"start":{"line":167,"column":2},"end":{"line":167,"column":null}},"58":{"start":{"line":182,"column":8},"end":{"line":182,"column":null}},"59":{"start":{"line":184,"column":33},"end":{"line":188,"column":null}},"60":{"start":{"line":190,"column":2},"end":{"line":193,"column":null}},"61":{"start":{"line":191,"column":4},"end":{"line":191,"column":null}},"62":{"start":{"line":192,"column":4},"end":{"line":192,"column":null}},"63":{"start":{"line":195,"column":2},"end":{"line":203,"column":null}},"64":{"start":{"line":195,"column":38},"end":{"line":203,"column":4}}},"fnMap":{"0":{"name":"getMerchantSubscription","decl":{"start":{"line":36,"column":22},"end":{"line":36,"column":46}},"loc":{"start":{"line":36,"column":100},"end":{"line":61,"column":null}},"line":36},"1":{"name":"getPlanLimits","decl":{"start":{"line":66,"column":22},"end":{"line":66,"column":36}},"loc":{"start":{"line":66,"column":84},"end":{"line":105,"column":null}},"line":66},"2":{"name":"updateMerchantSubscription","decl":{"start":{"line":110,"column":22},"end":{"line":110,"column":null}},"loc":{"start":{"line":113,"column":20},"end":{"line":144,"column":null}},"line":113},"3":{"name":"isMerchantOnTrial","decl":{"start":{"line":149,"column":22},"end":{"line":149,"column":40}},"loc":{"start":{"line":149,"column":78},"end":{"line":158,"column":null}},"line":149},"4":{"name":"isSubscriptionActive","decl":{"start":{"line":163,"column":22},"end":{"line":163,"column":43}},"loc":{"start":{"line":163,"column":81},"end":{"line":168,"column":null}},"line":163},"5":{"name":"getAvailablePlans","decl":{"start":{"line":173,"column":22},"end":{"line":173,"column":null}},"loc":{"start":{"line":181,"column":4},"end":{"line":204,"column":null}},"line":181},"6":{"name":"(anonymous_6)","decl":{"start":{"line":195,"column":27},"end":{"line":195,"column":28}},"loc":{"start":{"line":195,"column":38},"end":{"line":203,"column":4}},"line":195}},"branchMap":{"0":{"loc":{"start":{"line":45,"column":2},"end":{"line":48,"column":null}},"type":"if","locations":[{"start":{"line":45,"column":2},"end":{"line":48,"column":null}},{"start":{},"end":{}}],"line":45},"1":{"loc":{"start":{"line":45,"column":6},"end":{"line":45,"column":26}},"type":"binary-expr","locations":[{"start":{"line":45,"column":6},"end":{"line":45,"column":15}},{"start":{"line":45,"column":15},"end":{"line":45,"column":26}}],"line":45},"2":{"loc":{"start":{"line":53,"column":20},"end":{"line":53,"column":null}},"type":"binary-expr","locations":[{"start":{"line":53,"column":20},"end":{"line":53,"column":48}},{"start":{"line":53,"column":48},"end":{"line":53,"column":null}}],"line":53},"3":{"loc":{"start":{"line":54,"column":22},"end":{"line":54,"column":null}},"type":"binary-expr","locations":[{"start":{"line":54,"column":22},"end":{"line":54,"column":51}},{"start":{"line":54,"column":51},"end":{"line":54,"column":null}}],"line":54},"4":{"loc":{"start":{"line":55,"column":17},"end":{"line":55,"column":null}},"type":"cond-expr","locations":[{"start":{"line":55,"column":42},"end":{"line":55,"column":77}},{"start":{"line":55,"column":77},"end":{"line":55,"column":null}}],"line":55},"5":{"loc":{"start":{"line":56,"column":26},"end":{"line":56,"column":null}},"type":"cond-expr","locations":[{"start":{"line":56,"column":60},"end":{"line":56,"column":104}},{"start":{"line":56,"column":104},"end":{"line":56,"column":null}}],"line":56},"6":{"loc":{"start":{"line":57,"column":24},"end":{"line":57,"column":null}},"type":"cond-expr","locations":[{"start":{"line":57,"column":56},"end":{"line":57,"column":98}},{"start":{"line":57,"column":98},"end":{"line":57,"column":null}}],"line":57},"7":{"loc":{"start":{"line":58,"column":17},"end":{"line":58,"column":null}},"type":"cond-expr","locations":[{"start":{"line":58,"column":41},"end":{"line":58,"column":75}},{"start":{"line":58,"column":75},"end":{"line":58,"column":null}}],"line":58},"8":{"loc":{"start":{"line":59,"column":18},"end":{"line":59,"column":null}},"type":"binary-expr","locations":[{"start":{"line":59,"column":18},"end":{"line":59,"column":44}},{"start":{"line":59,"column":44},"end":{"line":59,"column":null}}],"line":59},"9":{"loc":{"start":{"line":69,"column":2},"end":{"line":71,"column":null}},"type":"if","locations":[{"start":{"line":69,"column":2},"end":{"line":71,"column":null}},{"start":{},"end":{}}],"line":69},"10":{"loc":{"start":{"line":82,"column":2},"end":{"line":85,"column":null}},"type":"if","locations":[{"start":{"line":82,"column":2},"end":{"line":85,"column":null}},{"start":{},"end":{}}],"line":82},"11":{"loc":{"start":{"line":82,"column":6},"end":{"line":82,"column":34}},"type":"binary-expr","locations":[{"start":{"line":82,"column":6},"end":{"line":82,"column":23}},{"start":{"line":82,"column":23},"end":{"line":82,"column":34}}],"line":82},"12":{"loc":{"start":{"line":94,"column":2},"end":{"line":97,"column":null}},"type":"if","locations":[{"start":{"line":94,"column":2},"end":{"line":97,"column":null}},{"start":{},"end":{}}],"line":94},"13":{"loc":{"start":{"line":94,"column":6},"end":{"line":94,"column":26}},"type":"binary-expr","locations":[{"start":{"line":94,"column":6},"end":{"line":94,"column":19}},{"start":{"line":94,"column":19},"end":{"line":94,"column":26}}],"line":94},"14":{"loc":{"start":{"line":118,"column":2},"end":{"line":118,"column":null}},"type":"if","locations":[{"start":{"line":118,"column":2},"end":{"line":118,"column":null}},{"start":{},"end":{}}],"line":118},"15":{"loc":{"start":{"line":119,"column":2},"end":{"line":119,"column":null}},"type":"if","locations":[{"start":{"line":119,"column":2},"end":{"line":119,"column":null}},{"start":{},"end":{}}],"line":119},"16":{"loc":{"start":{"line":120,"column":2},"end":{"line":120,"column":null}},"type":"if","locations":[{"start":{"line":120,"column":2},"end":{"line":120,"column":null}},{"start":{},"end":{}}],"line":120},"17":{"loc":{"start":{"line":121,"column":2},"end":{"line":121,"column":null}},"type":"if","locations":[{"start":{"line":121,"column":2},"end":{"line":121,"column":null}},{"start":{},"end":{}}],"line":121},"18":{"loc":{"start":{"line":122,"column":2},"end":{"line":122,"column":null}},"type":"if","locations":[{"start":{"line":122,"column":2},"end":{"line":122,"column":null}},{"start":{},"end":{}}],"line":122},"19":{"loc":{"start":{"line":123,"column":2},"end":{"line":123,"column":null}},"type":"if","locations":[{"start":{"line":123,"column":2},"end":{"line":123,"column":null}},{"start":{},"end":{}}],"line":123},"20":{"loc":{"start":{"line":124,"column":2},"end":{"line":124,"column":null}},"type":"if","locations":[{"start":{"line":124,"column":2},"end":{"line":124,"column":null}},{"start":{},"end":{}}],"line":124},"21":{"loc":{"start":{"line":125,"column":2},"end":{"line":125,"column":null}},"type":"if","locations":[{"start":{"line":125,"column":2},"end":{"line":125,"column":null}},{"start":{},"end":{}}],"line":125},"22":{"loc":{"start":{"line":126,"column":2},"end":{"line":126,"column":null}},"type":"if","locations":[{"start":{"line":126,"column":2},"end":{"line":126,"column":null}},{"start":{},"end":{}}],"line":126},"23":{"loc":{"start":{"line":133,"column":2},"end":{"line":136,"column":null}},"type":"if","locations":[{"start":{"line":133,"column":2},"end":{"line":136,"column":null}},{"start":{},"end":{}}],"line":133},"24":{"loc":{"start":{"line":139,"column":2},"end":{"line":141,"column":null}},"type":"if","locations":[{"start":{"line":139,"column":2},"end":{"line":141,"column":null}},{"start":{},"end":{}}],"line":139},"25":{"loc":{"start":{"line":151,"column":2},"end":{"line":151,"column":null}},"type":"if","locations":[{"start":{"line":151,"column":2},"end":{"line":151,"column":null}},{"start":{},"end":{}}],"line":151},"26":{"loc":{"start":{"line":153,"column":2},"end":{"line":155,"column":null}},"type":"if","locations":[{"start":{"line":153,"column":2},"end":{"line":155,"column":null}},{"start":{},"end":{}}],"line":153},"27":{"loc":{"start":{"line":153,"column":6},"end":{"line":153,"column":67}},"type":"binary-expr","locations":[{"start":{"line":153,"column":6},"end":{"line":153,"column":41}},{"start":{"line":153,"column":41},"end":{"line":153,"column":67}}],"line":153},"28":{"loc":{"start":{"line":165,"column":2},"end":{"line":165,"column":null}},"type":"if","locations":[{"start":{"line":165,"column":2},"end":{"line":165,"column":null}},{"start":{},"end":{}}],"line":165},"29":{"loc":{"start":{"line":167,"column":9},"end":{"line":167,"column":null}},"type":"binary-expr","locations":[{"start":{"line":167,"column":9},"end":{"line":167,"column":45}},{"start":{"line":167,"column":45},"end":{"line":167,"column":null}}],"line":167},"30":{"loc":{"start":{"line":190,"column":2},"end":{"line":193,"column":null}},"type":"if","locations":[{"start":{"line":190,"column":2},"end":{"line":193,"column":null}},{"start":{},"end":{}}],"line":190},"31":{"loc":{"start":{"line":195,"column":10},"end":{"line":195,"column":23}},"type":"binary-expr","locations":[{"start":{"line":195,"column":10},"end":{"line":195,"column":19}},{"start":{"line":195,"column":19},"end":{"line":195,"column":23}}],"line":195},"32":{"loc":{"start":{"line":198,"column":17},"end":{"line":198,"column":null}},"type":"binary-expr","locations":[{"start":{"line":198,"column":17},"end":{"line":198,"column":37}},{"start":{"line":198,"column":37},"end":{"line":198,"column":null}}],"line":198},"33":{"loc":{"start":{"line":200,"column":28},"end":{"line":200,"column":64}},"type":"binary-expr","locations":[{"start":{"line":200,"column":28},"end":{"line":200,"column":61}},{"start":{"line":200,"column":61},"end":{"line":200,"column":64}}],"line":200},"34":{"loc":{"start":{"line":201,"column":14},"end":{"line":201,"column":null}},"type":"binary-expr","locations":[{"start":{"line":201,"column":14},"end":{"line":201,"column":31}},{"start":{"line":201,"column":31},"end":{"line":201,"column":null}}],"line":201}},"s":{"0":11,"1":11,"2":11,"3":3,"4":3,"5":8,"6":4,"7":4,"8":1,"9":3,"10":3,"11":3,"12":1,"13":1,"14":2,"15":2,"16":1,"17":1,"18":1,"19":1,"20":1,"21":5,"22":5,"23":5,"24":3,"25":5,"26":2,"27":5,"28":1,"29":5,"30":0,"31":5,"32":1,"33":5,"34":0,"35":5,"36":0,"37":5,"38":0,"39":5,"40":0,"41":5,"42":5,"43":1,"44":1,"45":4,"46":2,"47":4,"48":4,"49":4,"50":1,"51":3,"52":2,"53":1,"54":4,"55":4,"56":1,"57":3,"58":3,"59":3,"60":3,"61":1,"62":1,"63":2,"64":3},"f":{"0":11,"1":4,"2":5,"3":4,"4":4,"5":3,"6":3},"b":{"0":[3,8],"1":[11,8],"2":[8,4],"3":[11,1],"4":[4,4],"5":[1,7],"6":[1,7],"7":[1,7],"8":[11,7],"9":[1,3],"10":[1,2],"11":[3,2],"12":[1,1],"13":[2,1],"14":[3,2],"15":[2,3],"16":[1,4],"17":[0,5],"18":[1,4],"19":[0,5],"20":[0,5],"21":[0,5],"22":[0,5],"23":[1,4],"24":[2,2],"25":[1,3],"26":[2,1],"27":[3,2],"28":[1,3],"29":[3,2],"30":[1,2],"31":[2,0],"32":[3,1],"33":[3,1],"34":[3,1]},"meta":{"lastBranch":35,"lastFunction":7,"lastStatement":65,"seen":{"f:36:22:36:46":0,"s:37:8:37:Infinity":0,"s:39:36:43:Infinity":1,"b:45:2:48:Infinity:undefined:undefined:undefined:undefined":0,"s:45:2:48:Infinity":2,"b:45:6:45:15:45:15:45:26":1,"s:46:4:46:Infinity":3,"s:47:4:47:Infinity":4,"s:50:2:60:Infinity":5,"b:53:20:53:48:53:48:53:Infinity":2,"b:54:22:54:51:54:51:54:Infinity":3,"b:55:42:55:77:55:77:55:Infinity":4,"b:56:60:56:104:56:104:56:Infinity":5,"b:57:56:57:98:57:98:57:Infinity":6,"b:58:41:58:75:58:75:58:Infinity":7,"b:59:18:59:44:59:44:59:Infinity":8,"f:66:22:66:36":1,"s:68:17:68:Infinity":6,"b:69:2:71:Infinity:undefined:undefined:undefined:undefined":9,"s:69:2:71:Infinity":7,"s:70:4:70:Infinity":8,"s:73:8:73:Infinity":9,"s:76:51:80:Infinity":10,"b:82:2:85:Infinity:undefined:undefined:undefined:undefined":10,"s:82:2:85:Infinity":11,"b:82:6:82:23:82:23:82:34":11,"s:83:4:83:Infinity":12,"s:84:4:84:Infinity":13,"s:88:43:92:Infinity":14,"b:94:2:97:Infinity:undefined:undefined:undefined:undefined":12,"s:94:2:97:Infinity":15,"b:94:6:94:19:94:19:94:26":13,"s:95:4:95:Infinity":16,"s:96:4:96:Infinity":17,"s:99:17:99:Infinity":18,"s:102:2:102:Infinity":19,"s:104:2:104:Infinity":20,"f:110:22:110:Infinity":2,"s:114:8:114:Infinity":21,"s:116:26:116:Infinity":22,"b:118:2:118:Infinity:undefined:undefined:undefined:undefined":14,"s:118:2:118:Infinity":23,"s:118:20:118:Infinity":24,"b:119:2:119:Infinity:undefined:undefined:undefined:undefined":15,"s:119:2:119:Infinity":25,"s:119:22:119:Infinity":26,"b:120:2:120:Infinity:undefined:undefined:undefined:undefined":16,"s:120:2:120:Infinity":27,"s:120:44:120:Infinity":28,"b:121:2:121:Infinity:undefined:undefined:undefined:undefined":17,"s:121:2:121:Infinity":29,"s:121:31:121:Infinity":30,"b:122:2:122:Infinity:undefined:undefined:undefined:undefined":18,"s:122:2:122:Infinity":31,"s:122:27:122:Infinity":32,"b:123:2:123:Infinity:undefined:undefined:undefined:undefined":19,"s:123:2:123:Infinity":33,"s:123:36:123:Infinity":34,"b:124:2:124:Infinity:undefined:undefined:undefined:undefined":20,"s:124:2:124:Infinity":35,"s:124:34:124:Infinity":36,"b:125:2:125:Infinity:undefined:undefined:undefined:undefined":21,"s:125:2:125:Infinity":37,"s:125:27:125:Infinity":38,"b:126:2:126:Infinity:undefined:undefined:undefined:undefined":22,"s:126:2:126:Infinity":39,"s:126:28:126:Infinity":40,"s:128:20:131:Infinity":41,"b:133:2:136:Infinity:undefined:undefined:undefined:undefined":23,"s:133:2:136:Infinity":42,"s:134:4:134:Infinity":43,"s:135:4:135:Infinity":44,"b:139:2:141:Infinity:undefined:undefined:undefined:undefined":24,"s:139:2:141:Infinity":45,"s:140:4:140:Infinity":46,"s:143:2:143:Infinity":47,"f:149:22:149:40":3,"s:150:23:150:Infinity":48,"b:151:2:151:Infinity:undefined:undefined:undefined:undefined":25,"s:151:2:151:Infinity":49,"s:151:21:151:Infinity":50,"b:153:2:155:Infinity:undefined:undefined:undefined:undefined":26,"s:153:2:155:Infinity":51,"b:153:6:153:41:153:41:153:67":27,"s:154:4:154:Infinity":52,"s:157:2:157:Infinity":53,"f:163:22:163:43":4,"s:164:23:164:Infinity":54,"b:165:2:165:Infinity:undefined:undefined:undefined:undefined":28,"s:165:2:165:Infinity":55,"s:165:21:165:Infinity":56,"s:167:2:167:Infinity":57,"b:167:9:167:45:167:45:167:Infinity":29,"f:173:22:173:Infinity":5,"s:182:8:182:Infinity":58,"s:184:33:188:Infinity":59,"b:190:2:193:Infinity:undefined:undefined:undefined:undefined":30,"s:190:2:193:Infinity":60,"s:191:4:191:Infinity":61,"s:192:4:192:Infinity":62,"s:195:2:203:Infinity":63,"b:195:10:195:19:195:19:195:23":31,"f:195:27:195:28":6,"s:195:38:203:4":64,"b:198:17:198:37:198:37:198:Infinity":32,"b:200:28:200:61:200:61:200:64":33,"b:201:14:201:31:201:31:201:Infinity":34}}}
,"/Users/sboyuk/Desktop/retention-agent-ai/packages/api/src/lib/botInfo.ts": {"path":"/Users/sboyuk/Desktop/retention-agent-ai/packages/api/src/lib/botInfo.ts","statementMap":{"0":{"start":{"line":21,"column":8},"end":{"line":21,"column":null}},"1":{"start":{"line":22,"column":32},"end":{"line":25,"column":null}},"2":{"start":{"line":27,"column":2},"end":{"line":27,"column":null}},"3":{"start":{"line":27,"column":22},"end":{"line":27,"column":null}},"4":{"start":{"line":28,"column":2},"end":{"line":28,"column":null}},"5":{"start":{"line":28,"column":82},"end":{"line":28,"column":104}},"6":{"start":{"line":39,"column":8},"end":{"line":39,"column":null}},"7":{"start":{"line":40,"column":2},"end":{"line":45,"column":null}}},"fnMap":{"0":{"name":"getMerchantBotInfo","decl":{"start":{"line":18,"column":22},"end":{"line":18,"column":null}},"loc":{"start":{"line":20,"column":35},"end":{"line":29,"column":null}},"line":20},"1":{"name":"(anonymous_1)","decl":{"start":{"line":28,"column":75},"end":{"line":28,"column":76}},"loc":{"start":{"line":28,"column":82},"end":{"line":28,"column":104}},"line":28},"2":{"name":"setMerchantBotInfoKey","decl":{"start":{"line":34,"column":22},"end":{"line":34,"column":null}},"loc":{"start":{"line":38,"column":17},"end":{"line":46,"column":null}},"line":38}},"branchMap":{"0":{"loc":{"start":{"line":27,"column":2},"end":{"line":27,"column":null}},"type":"if","locations":[{"start":{"line":27,"column":2},"end":{"line":27,"column":null}},{"start":{},"end":{}}],"line":27},"1":{"loc":{"start":{"line":27,"column":6},"end":{"line":27,"column":22}},"type":"binary-expr","locations":[{"start":{"line":27,"column":6},"end":{"line":27,"column":15}},{"start":{"line":27,"column":15},"end":{"line":27,"column":22}}],"line":27},"2":{"loc":{"start":{"line":28,"column":90},"end":{"line":28,"column":103}},"type":"binary-expr","locations":[{"start":{"line":28,"column":90},"end":{"line":28,"column":101}},{"start":{"line":28,"column":101},"end":{"line":28,"column":103}}],"line":28}},"s":{"0":2,"1":2,"2":2,"3":2,"4":0,"5":0,"6":0,"7":0},"f":{"0":2,"1":0,"2":0},"b":{"0":[2,0],"1":[2,2],"2":[0,0]},"meta":{"lastBranch":3,"lastFunction":3,"lastStatement":8,"seen":{"f:18:22:18:Infinity":0,"s:21:8:21:Infinity":0,"s:22:32:25:Infinity":1,"b:27:2:27:Infinity:undefined:undefined:undefined:undefined":0,"s:27:2:27:Infinity":2,"b:27:6:27:15:27:15:27:22":1,"s:27:22:27:Infinity":3,"s:28:2:28:Infinity":4,"f:28:75:28:76":1,"s:28:82:28:104":5,"b:28:90:28:101:28:101:28:103":2,"f:34:22:34:Infinity":2,"s:39:8:39:Infinity":6,"s:40:2:45:Infinity":7}}}
,"/Users/sboyuk/Desktop/retention-agent-ai/packages/api/src/lib/cache.ts": {"path":"/Users/sboyuk/Desktop/retention-agent-ai/packages/api/src/lib/cache.ts","statementMap":{"0":{"start":{"line":13,"column":20},"end":{"line":13,"column":null}},"1":{"start":{"line":19,"column":2},"end":{"line":19,"column":null}},"2":{"start":{"line":26,"column":2},"end":{"line":39,"column":null}},"3":{"start":{"line":27,"column":10},"end":{"line":27,"column":null}},"4":{"start":{"line":28,"column":21},"end":{"line":28,"column":null}},"5":{"start":{"line":29,"column":18},"end":{"line":29,"column":null}},"6":{"start":{"line":31,"column":4},"end":{"line":33,"column":null}},"7":{"start":{"line":32,"column":6},"end":{"line":32,"column":null}},"8":{"start":{"line":35,"column":4},"end":{"line":35,"column":null}},"9":{"start":{"line":37,"column":4},"end":{"line":37,"column":null}},"10":{"start":{"line":38,"column":4},"end":{"line":38,"column":null}},"11":{"start":{"line":51,"column":2},"end":{"line":61,"column":null}},"12":{"start":{"line":52,"column":10},"end":{"line":52,"column":null}},"13":{"start":{"line":53,"column":21},"end":{"line":53,"column":null}},"14":{"start":{"line":54,"column":23},"end":{"line":54,"column":null}},"15":{"start":{"line":56,"column":4},"end":{"line":56,"column":null}},"16":{"start":{"line":57,"column":4},"end":{"line":57,"column":null}},"17":{"start":{"line":59,"column":4},"end":{"line":59,"column":null}},"18":{"start":{"line":60,"column":4},"end":{"line":60,"column":null}},"19":{"start":{"line":68,"column":2},"end":{"line":76,"column":null}},"20":{"start":{"line":69,"column":10},"end":{"line":69,"column":null}},"21":{"start":{"line":70,"column":21},"end":{"line":70,"column":null}},"22":{"start":{"line":71,"column":4},"end":{"line":71,"column":null}},"23":{"start":{"line":72,"column":4},"end":{"line":72,"column":null}},"24":{"start":{"line":74,"column":4},"end":{"line":74,"column":null}},"25":{"start":{"line":75,"column":4},"end":{"line":75,"column":null}},"26":{"start":{"line":83,"column":2},"end":{"line":97,"column":null}},"27":{"start":{"line":84,"column":10},"end":{"line":84,"column":null}},"28":{"start":{"line":85,"column":20},"end":{"line":85,"column":null}},"29":{"start":{"line":86,"column":17},"end":{"line":86,"column":null}},"30":{"start":{"line":88,"column":4},"end":{"line":90,"column":null}},"31":{"start":{"line":89,"column":6},"end":{"line":89,"column":null}},"32":{"start":{"line":92,"column":4},"end":{"line":92,"column":null}},"33":{"start":{"line":93,"column":4},"end":{"line":93,"column":null}},"34":{"start":{"line":95,"column":4},"end":{"line":95,"column":null}},"35":{"start":{"line":96,"column":4},"end":{"line":96,"column":null}},"36":{"start":{"line":104,"column":2},"end":{"line":104,"column":null}},"37":{"start":{"line":108,"column":2},"end":{"line":108,"column":null}},"38":{"start":{"line":112,"column":2},"end":{"line":112,"column":null}},"39":{"start":{"line":119,"column":2},"end":{"line":119,"column":null}},"40":{"start":{"line":123,"column":2},"end":{"line":123,"column":null}},"41":{"start":{"line":127,"column":2},"end":{"line":127,"column":null}},"42":{"start":{"line":134,"column":14},"end":{"line":134,"column":null}},"43":{"start":{"line":135,"column":2},"end":{"line":135,"column":null}},"44":{"start":{"line":144,"column":14},"end":{"line":144,"column":null}},"45":{"start":{"line":145,"column":2},"end":{"line":145,"column":null}},"46":{"start":{"line":155,"column":14},"end":{"line":155,"column":null}},"47":{"start":{"line":156,"column":2},"end":{"line":156,"column":null}},"48":{"start":{"line":165,"column":14},"end":{"line":165,"column":null}},"49":{"start":{"line":166,"column":2},"end":{"line":166,"column":null}},"50":{"start":{"line":173,"column":2},"end":{"line":173,"column":null}},"51":{"start":{"line":177,"column":2},"end":{"line":177,"column":null}},"52":{"start":{"line":181,"column":2},"end":{"line":181,"column":null}},"53":{"start":{"line":188,"column":2},"end":{"line":188,"column":null}},"54":{"start":{"line":192,"column":2},"end":{"line":192,"column":null}},"55":{"start":{"line":196,"column":2},"end":{"line":196,"column":null}}},"fnMap":{"0":{"name":"getCacheKey","decl":{"start":{"line":18,"column":9},"end":{"line":18,"column":21}},"loc":{"start":{"line":18,"column":58},"end":{"line":20,"column":null}},"line":18},"1":{"name":"getCache","decl":{"start":{"line":25,"column":22},"end":{"line":25,"column":34}},"loc":{"start":{"line":25,"column":82},"end":{"line":40,"column":null}},"line":25},"2":{"name":"setCache","decl":{"start":{"line":45,"column":22},"end":{"line":45,"column":null}},"loc":{"start":{"line":50,"column":20},"end":{"line":62,"column":null}},"line":50},"3":{"name":"deleteCache","decl":{"start":{"line":67,"column":22},"end":{"line":67,"column":34}},"loc":{"start":{"line":67,"column":81},"end":{"line":77,"column":null}},"line":67},"4":{"name":"deleteCachePrefix","decl":{"start":{"line":82,"column":22},"end":{"line":82,"column":40}},"loc":{"start":{"line":82,"column":73},"end":{"line":98,"column":null}},"line":82},"5":{"name":"getCachedMerchant","decl":{"start":{"line":103,"column":22},"end":{"line":103,"column":40}},"loc":{"start":{"line":103,"column":60},"end":{"line":105,"column":null}},"line":103},"6":{"name":"setCachedMerchant","decl":{"start":{"line":107,"column":22},"end":{"line":107,"column":40}},"loc":{"start":{"line":107,"column":90},"end":{"line":109,"column":null}},"line":107},"7":{"name":"invalidateMerchantCache","decl":{"start":{"line":111,"column":22},"end":{"line":111,"column":46}},"loc":{"start":{"line":111,"column":66},"end":{"line":113,"column":null}},"line":111},"8":{"name":"getCachedProduct","decl":{"start":{"line":118,"column":22},"end":{"line":118,"column":39}},"loc":{"start":{"line":118,"column":58},"end":{"line":120,"column":null}},"line":118},"9":{"name":"setCachedProduct","decl":{"start":{"line":122,"column":22},"end":{"line":122,"column":39}},"loc":{"start":{"line":122,"column":88},"end":{"line":124,"column":null}},"line":122},"10":{"name":"invalidateProductCache","decl":{"start":{"line":126,"column":22},"end":{"line":126,"column":45}},"loc":{"start":{"line":126,"column":64},"end":{"line":128,"column":null}},"line":126},"11":{"name":"getCachedApiResponse","decl":{"start":{"line":133,"column":22},"end":{"line":133,"column":43}},"loc":{"start":{"line":133,"column":91},"end":{"line":136,"column":null}},"line":133},"12":{"name":"setCachedApiResponse","decl":{"start":{"line":138,"column":22},"end":{"line":138,"column":null}},"loc":{"start":{"line":143,"column":2},"end":{"line":146,"column":null}},"line":143},"13":{"name":"getCachedRAGQuery","decl":{"start":{"line":151,"column":22},"end":{"line":151,"column":null}},"loc":{"start":{"line":154,"column":60},"end":{"line":157,"column":null}},"line":154},"14":{"name":"setCachedRAGQuery","decl":{"start":{"line":159,"column":22},"end":{"line":159,"column":null}},"loc":{"start":{"line":164,"column":2},"end":{"line":167,"column":null}},"line":164},"15":{"name":"getCachedPlanLimits","decl":{"start":{"line":172,"column":22},"end":{"line":172,"column":42}},"loc":{"start":{"line":172,"column":62},"end":{"line":174,"column":null}},"line":172},"16":{"name":"setCachedPlanLimits","decl":{"start":{"line":176,"column":22},"end":{"line":176,"column":42}},"loc":{"start":{"line":176,"column":95},"end":{"line":178,"column":null}},"line":176},"17":{"name":"invalidatePlanLimitsCache","decl":{"start":{"line":180,"column":22},"end":{"line":180,"column":48}},"loc":{"start":{"line":180,"column":68},"end":{"line":182,"column":null}},"line":180},"18":{"name":"getCachedUsage","decl":{"start":{"line":187,"column":22},"end":{"line":187,"column":37}},"loc":{"start":{"line":187,"column":57},"end":{"line":189,"column":null}},"line":187},"19":{"name":"setCachedUsage","decl":{"start":{"line":191,"column":22},"end":{"line":191,"column":37}},"loc":{"start":{"line":191,"column":87},"end":{"line":193,"column":null}},"line":191},"20":{"name":"invalidateUsageCache","decl":{"start":{"line":195,"column":22},"end":{"line":195,"column":43}},"loc":{"start":{"line":195,"column":63},"end":{"line":197,"column":null}},"line":195}},"branchMap":{"0":{"loc":{"start":{"line":31,"column":4},"end":{"line":33,"column":null}},"type":"if","locations":[{"start":{"line":31,"column":4},"end":{"line":33,"column":null}},{"start":{},"end":{}}],"line":31},"1":{"loc":{"start":{"line":49,"column":2},"end":{"line":49,"column":null}},"type":"default-arg","locations":[{"start":{"line":49,"column":16},"end":{"line":49,"column":null}}],"line":49},"2":{"loc":{"start":{"line":88,"column":4},"end":{"line":90,"column":null}},"type":"if","locations":[{"start":{"line":88,"column":4},"end":{"line":90,"column":null}},{"start":{},"end":{}}],"line":88},"3":{"loc":{"start":{"line":107,"column":71},"end":{"line":107,"column":90}},"type":"default-arg","locations":[{"start":{"line":107,"column":85},"end":{"line":107,"column":90}}],"line":107},"4":{"loc":{"start":{"line":122,"column":69},"end":{"line":122,"column":88}},"type":"default-arg","locations":[{"start":{"line":122,"column":83},"end":{"line":122,"column":88}}],"line":122},"5":{"loc":{"start":{"line":134,"column":14},"end":{"line":134,"column":null}},"type":"cond-expr","locations":[{"start":{"line":134,"column":23},"end":{"line":134,"column":65}},{"start":{"line":134,"column":65},"end":{"line":134,"column":null}}],"line":134},"6":{"loc":{"start":{"line":141,"column":2},"end":{"line":141,"column":null}},"type":"default-arg","locations":[{"start":{"line":141,"column":16},"end":{"line":141,"column":null}}],"line":141},"7":{"loc":{"start":{"line":144,"column":14},"end":{"line":144,"column":null}},"type":"cond-expr","locations":[{"start":{"line":144,"column":23},"end":{"line":144,"column":65}},{"start":{"line":144,"column":65},"end":{"line":144,"column":null}}],"line":144},"8":{"loc":{"start":{"line":163,"column":2},"end":{"line":163,"column":null}},"type":"default-arg","locations":[{"start":{"line":163,"column":16},"end":{"line":163,"column":null}}],"line":163},"9":{"loc":{"start":{"line":176,"column":75},"end":{"line":176,"column":95}},"type":"default-arg","locations":[{"start":{"line":176,"column":89},"end":{"line":176,"column":95}}],"line":176},"10":{"loc":{"start":{"line":191,"column":69},"end":{"line":191,"column":87}},"type":"default-arg","locations":[{"start":{"line":191,"column":83},"end":{"line":191,"column":87}}],"line":191}},"s":{"0":3,"1":21,"2":11,"3":11,"4":11,"5":11,"6":11,"7":8,"8":3,"9":1,"10":1,"11":8,"12":8,"13":8,"14":8,"15":8,"16":8,"17":0,"18":0,"19":2,"20":2,"21":2,"22":2,"23":2,"24":0,"25":0,"26":0,"27":0,"28":0,"29":0,"30":0,"31":0,"32":0,"33":0,"34":0,"35":0,"36":2,"37":1,"38":0,"39":6,"40":4,"41":0,"42":0,"43":0,"44":0,"45":0,"46":0,"47":0,"48":0,"49":0,"50":0,"51":0,"52":0,"53":3,"54":3,"55":2},"f":{"0":21,"1":11,"2":8,"3":2,"4":0,"5":2,"6":1,"7":0,"8":6,"9":4,"10":0,"11":0,"12":0,"13":0,"14":0,"15":0,"16":0,"17":0,"18":3,"19":3,"20":2},"b":{"0":[8,3],"1":[8],"2":[0,0],"3":[1],"4":[4],"5":[0,0],"6":[0],"7":[0,0],"8":[0],"9":[0],"10":[3]},"meta":{"lastBranch":11,"lastFunction":21,"lastStatement":56,"seen":{"s:13:20:13:Infinity":0,"f:18:9:18:21":0,"s:19:2:19:Infinity":1,"f:25:22:25:34":1,"s:26:2:39:Infinity":2,"s:27:10:27:Infinity":3,"s:28:21:28:Infinity":4,"s:29:18:29:Infinity":5,"b:31:4:33:Infinity:undefined:undefined:undefined:undefined":0,"s:31:4:33:Infinity":6,"s:32:6:32:Infinity":7,"s:35:4:35:Infinity":8,"s:37:4:37:Infinity":9,"s:38:4:38:Infinity":10,"f:45:22:45:Infinity":2,"b:49:16:49:Infinity":1,"s:51:2:61:Infinity":11,"s:52:10:52:Infinity":12,"s:53:21:53:Infinity":13,"s:54:23:54:Infinity":14,"s:56:4:56:Infinity":15,"s:57:4:57:Infinity":16,"s:59:4:59:Infinity":17,"s:60:4:60:Infinity":18,"f:67:22:67:34":3,"s:68:2:76:Infinity":19,"s:69:10:69:Infinity":20,"s:70:21:70:Infinity":21,"s:71:4:71:Infinity":22,"s:72:4:72:Infinity":23,"s:74:4:74:Infinity":24,"s:75:4:75:Infinity":25,"f:82:22:82:40":4,"s:83:2:97:Infinity":26,"s:84:10:84:Infinity":27,"s:85:20:85:Infinity":28,"s:86:17:86:Infinity":29,"b:88:4:90:Infinity:undefined:undefined:undefined:undefined":2,"s:88:4:90:Infinity":30,"s:89:6:89:Infinity":31,"s:92:4:92:Infinity":32,"s:93:4:93:Infinity":33,"s:95:4:95:Infinity":34,"s:96:4:96:Infinity":35,"f:103:22:103:40":5,"s:104:2:104:Infinity":36,"f:107:22:107:40":6,"b:107:85:107:90":3,"s:108:2:108:Infinity":37,"f:111:22:111:46":7,"s:112:2:112:Infinity":38,"f:118:22:118:39":8,"s:119:2:119:Infinity":39,"f:122:22:122:39":9,"b:122:83:122:88":4,"s:123:2:123:Infinity":40,"f:126:22:126:45":10,"s:127:2:127:Infinity":41,"f:133:22:133:43":11,"s:134:14:134:Infinity":42,"b:134:23:134:65:134:65:134:Infinity":5,"s:135:2:135:Infinity":43,"f:138:22:138:Infinity":12,"b:141:16:141:Infinity":6,"s:144:14:144:Infinity":44,"b:144:23:144:65:144:65:144:Infinity":7,"s:145:2:145:Infinity":45,"f:151:22:151:Infinity":13,"s:155:14:155:Infinity":46,"s:156:2:156:Infinity":47,"f:159:22:159:Infinity":14,"b:163:16:163:Infinity":8,"s:165:14:165:Infinity":48,"s:166:2:166:Infinity":49,"f:172:22:172:42":15,"s:173:2:173:Infinity":50,"f:176:22:176:42":16,"b:176:89:176:95":9,"s:177:2:177:Infinity":51,"f:180:22:180:48":17,"s:181:2:181:Infinity":52,"f:187:22:187:37":18,"s:188:2:188:Infinity":53,"f:191:22:191:37":19,"b:191:83:191:87":10,"s:192:2:192:Infinity":54,"f:195:22:195:43":20,"s:196:2:196:Infinity":55}}}
,"/Users/sboyuk/Desktop/retention-agent-ai/packages/api/src/lib/csvParser.ts": {"path":"/Users/sboyuk/Desktop/retention-agent-ai/packages/api/src/lib/csvParser.ts","statementMap":{"0":{"start":{"line":41,"column":16},"end":{"line":41,"column":null}},"1":{"start":{"line":43,"column":2},"end":{"line":50,"column":null}},"2":{"start":{"line":44,"column":4},"end":{"line":49,"column":null}},"3":{"start":{"line":53,"column":17},"end":{"line":53,"column":null}},"4":{"start":{"line":53,"column":46},"end":{"line":53,"column":68}},"5":{"start":{"line":56,"column":26},"end":{"line":56,"column":null}},"6":{"start":{"line":57,"column":25},"end":{"line":57,"column":null}},"7":{"start":{"line":57,"column":55},"end":{"line":57,"column":76}},"8":{"start":{"line":59,"column":2},"end":{"line":66,"column":null}},"9":{"start":{"line":60,"column":4},"end":{"line":65,"column":null}},"10":{"start":{"line":69,"column":25},"end":{"line":69,"column":null}},"11":{"start":{"line":70,"column":56},"end":{"line":70,"column":null}},"12":{"start":{"line":72,"column":2},"end":{"line":95,"column":null}},"13":{"start":{"line":72,"column":15},"end":{"line":72,"column":18}},"14":{"start":{"line":73,"column":17},"end":{"line":73,"column":null}},"15":{"start":{"line":74,"column":4},"end":{"line":74,"column":null}},"16":{"start":{"line":74,"column":15},"end":{"line":74,"column":null}},"17":{"start":{"line":76,"column":19},"end":{"line":76,"column":null}},"18":{"start":{"line":78,"column":4},"end":{"line":81,"column":null}},"19":{"start":{"line":79,"column":6},"end":{"line":79,"column":null}},"20":{"start":{"line":80,"column":6},"end":{"line":80,"column":null}},"21":{"start":{"line":83,"column":21},"end":{"line":83,"column":null}},"22":{"start":{"line":84,"column":4},"end":{"line":86,"column":null}},"23":{"start":{"line":85,"column":6},"end":{"line":85,"column":null}},"24":{"start":{"line":89,"column":4},"end":{"line":92,"column":null}},"25":{"start":{"line":90,"column":6},"end":{"line":90,"column":null}},"26":{"start":{"line":91,"column":6},"end":{"line":91,"column":null}},"27":{"start":{"line":94,"column":4},"end":{"line":94,"column":null}},"28":{"start":{"line":98,"column":22},"end":{"line":98,"column":null}},"29":{"start":{"line":100,"column":2},"end":{"line":106,"column":null}},"30":{"start":{"line":101,"column":20},"end":{"line":101,"column":null}},"31":{"start":{"line":102,"column":4},"end":{"line":104,"column":null}},"32":{"start":{"line":103,"column":6},"end":{"line":103,"column":null}},"33":{"start":{"line":105,"column":4},"end":{"line":105,"column":null}},"34":{"start":{"line":109,"column":36},"end":{"line":109,"column":null}},"35":{"start":{"line":111,"column":2},"end":{"line":169,"column":null}},"36":{"start":{"line":112,"column":21},"end":{"line":112,"column":null}},"37":{"start":{"line":115,"column":51},"end":{"line":115,"column":null}},"38":{"start":{"line":117,"column":4},"end":{"line":128,"column":null}},"39":{"start":{"line":118,"column":21},"end":{"line":118,"column":null}},"40":{"start":{"line":119,"column":6},"end":{"line":125,"column":null}},"41":{"start":{"line":120,"column":8},"end":{"line":120,"column":null}},"42":{"start":{"line":121,"column":6},"end":{"line":125,"column":null}},"43":{"start":{"line":122,"column":8},"end":{"line":122,"column":null}},"44":{"start":{"line":123,"column":6},"end":{"line":125,"column":null}},"45":{"start":{"line":124,"column":8},"end":{"line":124,"column":null}},"46":{"start":{"line":126,"column":4},"end":{"line":128,"column":null}},"47":{"start":{"line":127,"column":6},"end":{"line":127,"column":null}},"48":{"start":{"line":132,"column":4},"end":{"line":140,"column":null}},"49":{"start":{"line":13
[...]
defined":32,"s:391:2:393:Infinity":124,"b:391:6:391:15:391:15:391:25":33,"s:392:4:392:Infinity":125,"s:396:14:400:Infinity":126,"s:402:2:405:Infinity":127,"s:412:0:450:Infinity":128,"f:412:31:412:38":11,"s:413:21:413:Infinity":129,"s:414:15:414:Infinity":130,"s:415:8:415:Infinity":131,"s:417:25:417:Infinity":132,"b:419:2:421:Infinity:undefined:undefined:undefined:undefined":34,"s:419:2:421:Infinity":133,"b:419:6:419:36:419:36:419:61":35,"s:420:4:420:Infinity":134,"s:424:36:428:Infinity":135,"b:430:2:432:Infinity:undefined:undefined:undefined:undefined":36,"s:430:2:432:Infinity":136,"b:430:6:430:15:430:15:430:28:430:28:430:51":37,"s:431:4:431:Infinity":137,"s:435:15:443:Infinity":138,"f:436:17:436:18":12,"s:436:18:441:Infinity":139,"s:445:2:449:Infinity":140,"f:448:21:448:22":13,"s:448:30:448:36":141,"s:456:0:504:Infinity":142,"f:456:42:456:49":14,"s:457:21:457:Infinity":143,"s:458:20:458:Infinity":144,"s:459:8:459:Infinity":145,"s:462:47:467:Infinity":146,"b:469:2:471:Infinity:undefined:undefined:undefined:undefined":38,"s:469:2:471:Infinity":147,"b:469:6:469:20:469:20:469:30":39,"s:470:4:470:Infinity":148,"b:473:2:475:Infinity:undefined:undefined:undefined:undefined":40,"s:473:2:475:Infinity":149,"s:474:4:474:Infinity":150,"s:479:25:479:Infinity":151,"s:480:2:487:Infinity":152,"s:481:4:481:Infinity":153,"s:483:4:486:Infinity":154,"b:485:45:485:66:485:66:485:Infinity":41,"s:490:17:490:Infinity":155,"b:492:2:497:Infinity:undefined:undefined:undefined:undefined":42,"s:492:2:497:Infinity":156,"s:493:4:496:Infinity":157,"s:499:2:503:Infinity":158,"s:510:0:548:Infinity":159,"f:510:44:510:51":15,"s:511:21:511:Infinity":160,"s:512:15:512:Infinity":161,"s:513:8:513:Infinity":162,"s:515:25:515:Infinity":163,"b:517:2:519:Infinity:undefined:undefined:undefined:undefined":43,"s:517:2:519:Infinity":164,"b:517:6:517:36:517:36:517:61":44,"s:518:4:518:Infinity":165,"s:522:36:526:Infinity":166,"b:528:2:530:Infinity:undefined:undefined:undefined:undefined":45,"s:528:2:530:Infinity":167,"b:528:6:528:15:528:15:528:28:528:28:528:51":46,"s:529:4:529:Infinity":168,"s:533:18:533:Infinity":169,"s:535:18:541:Infinity":170,"f:537:31:537:32":16,"s:537:38:537:47":171,"f:538:27:538:28":17,"s:538:34:538:44":172,"f:539:32:539:33":18,"s:539:44:539:67":173,"f:540:32:540:33":19,"s:540:44:540:65":174,"s:543:2:547:Infinity":175,"s:554:0:577:Infinity":176,"f:554:28:554:35":20,"s:555:21:555:Infinity":177,"s:556:20:556:Infinity":178,"s:557:8:557:Infinity":179,"s:560:35:565:Infinity":180,"b:567:2:569:Infinity:undefined:undefined:undefined:undefined":47,"s:567:2:569:Infinity":181,"b:567:6:567:15:567:15:567:25":48,"s:568:4:568:Infinity":182,"s:571:16:571:Infinity":183,"s:573:2:576:Infinity":184}}}
,"/Users/sboyuk/Desktop/retention-agent-ai/packages/api/src/routes/webhooks.ts": {"path":"/Users/sboyuk/Desktop/retention-agent-ai/packages/api/src/routes/webhooks.ts","statementMap":{"0":{"start":{"line":17,"column":17},"end":{"line":17,"column":null}},"1":{"start":{"line":24,"column":0},"end":{"line":135,"column":null}},"2":{"start":{"line":25,"column":2},"end":{"line":134,"column":null}},"3":{"start":{"line":27,"column":17},"end":{"line":27,"column":null}},"4":{"start":{"line":28,"column":18},"end":{"line":28,"column":null}},"5":{"start":{"line":29,"column":17},"end":{"line":29,"column":null}},"6":{"start":{"line":31,"column":4},"end":{"line":33,"column":null}},"7":{"start":{"line":32,"column":6},"end":{"line":32,"column":null}},"8":{"start":{"line":36,"column":20},"end":{"line":36,"column":null}},"9":{"start":{"line":37,"column":17},"end":{"line":37,"column":null}},"10":{"start":{"line":40,"column":27},"end":{"line":43,"column":null}},"11":{"start":{"line":45,"column":4},"end":{"line":47,"column":null}},"12":{"start":{"line":46,"column":6},"end":{"line":46,"column":null}},"13":{"start":{"line":50,"column":10},"end":{"line":50,"column":null}},"14":{"start":{"line":51,"column":35},"end":{"line":55,"column":null}},"15":{"start":{"line":57,"column":4},"end":{"line":59,"column":null}},"16":{"start":{"line":58,"column":6},"end":{"line":58,"column":null}},"17":{"start":{"line":62,"column":24},"end":{"line":64,"column":null}},"18":{"start":{"line":63,"column":14},"end":{"line":63,"column":null}},"19":{"start":{"line":66,"column":4},"end":{"line":68,"column":null}},"20":{"start":{"line":67,"column":6},"end":{"line":67,"column":null}},"21":{"start":{"line":71,"column":10},"end":{"line":76,"column":null}},"22":{"start":{"line":78,"column":4},"end":{"line":80,"column":null}},"23":{"start":{"line":79,"column":6},"end":{"line":79,"column":null}},"24":{"start":{"line":83,"column":10},"end":{"line":89,"column":null}},"25":{"start":{"line":92,"column":35},"end":{"line":103,"column":null}},"26":{"start":{"line":106,"column":4},"end":{"line":113,"column":null}},"27":{"start":{"line":108,"column":6},"end":{"line":111,"column":null}},"28":{"start":{"line":110,"column":8},"end":{"line":110,"column":null}},"29":{"start":{"line":112,"column":6},"end":{"line":112,"column":null}},"30":{"start":{"line":116,"column":4},"end":{"line":121,"column":null}},"31":{"start":{"line":117,"column":6},"end":{"line":117,"column":null}},"32":{"start":{"line":120,"column":6},"end":{"line":120,"column":null}},"33":{"start":{"line":123,"column":4},"end":{"line":127,"column":null}},"34":{"start":{"line":129,"column":4},"end":{"line":129,"column":null}},"35":{"start":{"line":130,"column":4},"end":{"line":133,"column":null}},"36":{"start":{"line":142,"column":0},"end":{"line":238,"column":null}},"37":{"start":{"line":143,"column":2},"end":{"line":237,"column":null}},"38":{"start":{"line":145,"column":19},"end":{"line":145,"column":null}},"39":{"start":{"line":147,"column":4},"end":{"line":149,"column":null}},"40":{"start":{"line":148,"column":6},"end":{"line":148,"column":null}},"41":{"start":{"line":152,"column":10},"end":{"line":152,"column":null}},"42":{"start":{"line":153,"column":32},"end":{"line":155,"column":null}},"43":{"start":{"line":157,"column":4},"end":{"line":159,"column":null}},"44":{"start":{"line":158,"column":6},"end":{"line":158,"column":null}},"45":{"start":{"line":162,"column":27},"end":{"line":162,"column":null}},"46":{"start":{"line":163,"column":22},"end":{"line":163,"column":null}},"47":{"start":{"line":165,"column":21},"end":{"line":168,"column":null}},"48":{"start":{"line":166,"column":23},"end":{"line":166,"column":null}},"49":{"start":{"line":167,"column":6},"end":{"line":167,"column":null}},"50":{"start":{"line":170,"column":4},"end":{"line":172,"column":null}},"51":{"start":{"line":171,"column":6},"end":{"line":171,"column":null}},"52":{"start":{"line":175,"column":17},"end":{"line":175,"column":null}},"53":{"start":{"line":176,"column":35},"end":{"line":176,"column":null}},"54":{"start":{"line":179,"column":4},"end":{"line":183,"column":null}},"55":{"start":{"line":180,"column":6},"end":{"line":182,"column":null}},"56":{"start":{"line":186,"column":4},"end":{"line":186,"column":null}},"57":{"start":{"line":189,"column":10},"end":{"line":194,"column":null}},"58":{"start":{"line":197,"column":35},"end":{"line":208,"column":null}},"59":{"start":{"line":211,"column":4},"end":{"line":216,"column":null}},"60":{"start":{"line":212,"column":6},"end":{"line":214,"column":null}},"61":{"start":{"line":213,"column":8},"end":{"line":213,"column":null}},"62":{"start":{"line":215,"column":6},"end":{"line":215,"column":null}},"63":{"start":{"line":219,"column":4},"end":{"line":224,"column":null}},"64":{"start":{"line":220,"column":6},"end":{"line":220,"column":null}},"65":{"start":{"line":223,"column":6},"end":{"line":223,"column":null}},"66":{"start":{"line":226,"column":4},"end":{"line":230,"column":null}},"67":{"start":{"line":232,"column":4},"end":{"line":232,"column":null}},"68":{"start":{"line":233,"column":4},"end":{"line":236,"column":null}}},"fnMap":{"0":{"name":"(anonymous_0)","decl":{"start":{"line":24,"column":35},"end":{"line":24,"column":42}},"loc":{"start":{"line":24,"column":48},"end":{"line":135,"column":1}},"line":24},"1":{"name":"(anonymous_1)","decl":{"start":{"line":63,"column":6},"end":{"line":63,"column":7}},"loc":{"start":{"line":63,"column":14},"end":{"line":63,"column":null}},"line":63},"2":{"name":"(anonymous_2)","decl":{"start":{"line":142,"column":33},"end":{"line":142,"column":40}},"loc":{"start":{"line":142,"column":46},"end":{"line":238,"column":1}},"line":142},"3":{"name":"(anonymous_3)","decl":{"start":{"line":165,"column":36},"end":{"line":165,"column":37}},"loc":{"start":{"line":165,"column":43},"end":{"line":168,"column":5}},"line":165}},"branchMap":{"0":{"loc":{"start":{"line":31,"column":4},"end":{"line":33,"column":null}},"type":"if","locations":[{"start":{"line":31,"column":4},"end":{"line":33,"column":null}},{"start":{},"end":{}}],"line":31},"1":{"loc":{"start":{"line":31,"column":8},"end":{"line":31,"column":34}},"type":"binary-expr","locations":[{"start":{"line":31,"column":8},"end":{"line":31,"column":17}},{"start":{"line":31,"column":17},"end":{"line":31,"column":27}},{"start":{"line":31,"column":27},"end":{"line":31,"column":34}}],"line":31},"2":{"loc":{"start":{"line":41,"column":28},"end":{"line":41,"column":64}},"type":"binary-expr","locations":[{"start":{"line":41,"column":28},"end":{"line":41,"column":62}},{"start":{"line":41,"column":62},"end":{"line":41,"column":64}}],"line":41},"3":{"loc":{"start":{"line":45,"column":4},"end":{"line":47,"column":null}},"type":"if","locations":[{"start":{"line":45,"column":4},"end":{"line":47,"column":null}},{"start":{},"end":{}}],"line":45},"4":{"loc":{"start":{"line":57,"column":4},"end":{"line":59,"column":null}},"type":"if","locations":[{"start":{"line":57,"column":4},"end":{"line":59,"column":null}},{"start":{},"end":{}}],"line":57},"5":{"loc":{"start":{"line":57,"column":8},"end":{"line":57,"column":52}},"type":"binary-expr","locations":[{"start":{"line":57,"column":8},"end":{"line":57,"column":25}},{"start":{"line":57,"column":25},"end":{"line":57,"column":52}}],"line":57},"6":{"loc":{"start":{"line":66,"column":4},"end":{"line":68,"column":null}},"type":"if","locations":[{"start":{"line":66,"column":4},"end":{"line":68,"column":null}},{"start":{},"end":{}}],"line":66},"7":{"loc":{"start":{"line":78,"column":4},"end":{"line":80,"column":null}},"type":"if","locations":[{"start":{"line":78,"column":4},"end":{"line":80,"column":null}},{"start":{},"end":{}}],"line":78},"8":{"loc":{"start":{"line":106,"column":4},"end":{"line":113,"column":null}},"type":"if","locations":[{"start":{"line":106,"column":4},"end":{"line":113,"column":null}},{"start":{},"end":{}}],"line":106},"9":{"loc":{"start":{"line":108,"column":6},"end":{"line":111,"column":null}},"type":"if","locations":[{"start":{"line":108,"column":6},"end":{"line":111,"column":null}},{"start":{},"end":{}}],"line":108},"10":{"loc":{"start":{"line":132,"column":15},"end":{"line":132,"column":null}},"type":"cond-expr","locations":[{"start":{"line":132,"column":40},"end":{"line":132,"column":56}},{"start":{"line":132,"column":56},"end":{"line":132,"column":null}}],"line":132},"11":{"loc":{"start":{"line":145,"column":19},"end":{"line":145,"column":null}},"type":"binary-expr","locations":[{"start":{"line":145,"column":19},"end":{"line":145,"column":48}},{"start":{"line":145,"column":48},"end":{"line":145,"column":null}}],"line":145},"12":{"loc":{"start":{"line":147,"column":4},"end":{"line":149,"column":null}},"type":"if","locations":[{"start":{"line":147,"column":4},"end":{"line":149,"column":null}},{"start":{},"end":{}}],"line":147},"13":{"loc":{"start":{"line":157,"column":4},"end":{"line":159,"column":null}},"type":"if","locations":[{"start":{"line":157,"column":4},"end":{"line":159,"column":null}},{"start":{},"end":{}}],"line":157},"14":{"loc":{"start":{"line":166,"column":23},"end":{"line":166,"column":null}},"type":"binary-expr","locations":[{"start":{"line":166,"column":23},"end":{"line":166,"column":50}},{"start":{"line":166,"column":50},"end":{"line":166,"column":null}}],"line":166},"15":{"loc":{"start":{"line":170,"column":4},"end":{"line":172,"column":null}},"type":"if","locations":[{"start":{"line":170,"column":4},"end":{"line":172,"column":null}},{"start":{},"end":{}}],"line":170},"16":{"loc":{"start":{"line":179,"column":4},"end":{"line":183,"column":null}},"type":"if","locations":[{"start":{"line":179,"column":4},"end":{"line":183,"column":null}},{"start":{},"end":{}}],"line":179},"17":{"loc":{"start":{"line":179,"column":8},"end":{"line":179,"column":77}},"type":"binary-expr","locations":[{"start":{"line":179,"column":8},"end":{"line":179,"column":29}},{"start":{"line":179,"column":29},"end":{"line":179,"column":57}},{"start":{"line":179,"column":57},"end":{"line":179,"column":77}}],"line":179},"18":{"loc":{"start":{"line":190,"column":6},"end":{"line":190,"column":null}},"type":"binary-expr","locations":[{"start":{"line":190,"column":6},"end":{"line":190,"column":22}},{"start":{"line":190,"column":22},"end":{"line":190,"column":null}}],"line":190},"19":{"loc":{"start":{"line":202,"column":16},"end":{"line":202,"column":null}},"type":"binary-expr","locations":[{"start":{"line":202,"column":16},"end":{"line":202,"column":32}},{"start":{"line":202,"column":32},"end":{"line":202,"column":null}}],"line":202},"20":{"loc":{"start":{"line":211,"column":4},"end":{"line":216,"column":null}},"type":"if","locations":[{"start":{"line":211,"column":4},"end":{"line":216,"column":null}},{"start":{},"end":{}}],"line":211},"21":{"loc":{"start":{"line":212,"column":6},"end":{"line":214,"column":null}},"type":"if","locations":[{"start":{"line":212,"column":6},"end":{"line":214,"column":null}},{"start":{},"end":{}}],"line":212},"22":{"loc":{"start":{"line":235,"column":15},"end":{"line":235,"column":null}},"type":"cond-expr","locations":[{"start":{"line":235,"column":40},"end":{"line":235,"column":56}},{"start":{"line":235,"column":56},"end":{"line":235,"column":null}}],"line":235}},"s":{"0":1,"1":1,"2":3,"3":3,"4":3,"5":3,"6":3,"7":1,"8":2,"9":2,"10":2,"11":3,"12":1,"13":1,"14":1,"15":1,"16":0,"17":1,"18":1,"19":1,"20":0,"21":1,"22":1,"23":0,"24":1,"25":3,"26":1,"27":0,"28":0,"29":0,"30":1,"31":1,"32":1,"33":1,"34":0,"35":0,"36":1,"37":2,"38":2,"39":2,"40":0,"41":2,"42":2,"43":2,"44":1,"45":1,"46":1,"47":1,"48":1,"49":1,"50":1,"51":0,"52":1,"53":1,"54":1,"55":0,"56":1,"57":1,"58":2,"59":1,"60":0,"61":0,"62":0,"63":1,"64":1,"65":1,"66":1,"67":0,"68":0},"f":{"0":3,"1":1,"2":2,"3":1},"b":{"0":[1,2],"1":[3,2,2],"2":[2,0],"3":[1,2],"4":[0,1],"5":[1,1],"6":[0,1],"7":[0,1],"8":[0,1],"9":[0,0],"10":[0,0],"11":[2,1],"12":[0,2],"13":[1,1],"14":[1,0],"15":[0,1],"16":[0,1],"17":[1,1,1],"18":[1,0],"19":[2,0],"20":[0,1],"21":[0,0],"22":[0,0]},"meta":{"lastBranch":23,"lastFunction":4,"lastStatement":69,"seen":{"s:17:17:17:Infinity":0,"s:24:0:135:Infinity":1,"f:24:35:24:42":0,"s:25:2:134:Infinity":2,"s:27:17:27:Infinity":3,"s:28:18:28:Infinity":4,"s:29:17:29:Infinity":5,"b:31:4:33:Infinity:undefined:undefined:undefined:undefined":0,"s:31:4:33:Infinity":6,"b:31:8:31:17:31:17:31:27:31:27:31:34":1,"s:32:6:32:Infinity":7,"s:36:20:36:Infinity":8,"s:37:17:37:Infinity":9,"s:40:27:43:Infinity":10,"b:41:28:41:62:41:62:41:64":2,"b:45:4:47:Infinity:undefined:undefined:undefined:undefined":3,"s:45:4:47:Infinity":11,"s:46:6:46:Infinity":12,"s:50:10:50:Infinity":13,"s:51:35:55:Infinity":14,"b:57:4:59:Infinity:undefined:undefined:undefined:undefined":4,"s:57:4:59:Infinity":15,"b:57:8:57:25:57:25:57:52":5,"s:58:6:58:Infinity":16,"s:62:24:64:Infinity":17,"f:63:6:63:7":1,"s:63:14:63:Infinity":18,"b:66:4:68:Infinity:undefined:undefined:undefined:undefined":6,"s:66:4:68:Infinity":19,"s:67:6:67:Infinity":20,"s:71:10:76:Infinity":21,"b:78:4:80:Infinity:undefined:undefined:undefined:undefined":7,"s:78:4:80:Infinity":22,"s:79:6:79:Infinity":23,"s:83:10:89:Infinity":24,"s:92:35:103:Infinity":25,"b:106:4:113:Infinity:undefined:undefined:undefined:undefined":8,"s:106:4:113:Infinity":26,"b:108:6:111:Infinity:undefined:undefined:undefined:undefined":9,"s:108:6:111:Infinity":27,"s:110:8:110:Infinity":28,"s:112:6:112:Infinity":29,"s:116:4:121:Infinity":30,"s:117:6:117:Infinity":31,"s:120:6:120:Infinity":32,"s:123:4:127:Infinity":33,"s:129:4:129:Infinity":34,"s:130:4:133:Infinity":35,"b:132:40:132:56:132:56:132:Infinity":10,"s:142:0:238:Infinity":36,"f:142:33:142:40":2,"s:143:2:237:Infinity":37,"s:145:19:145:Infinity":38,"b:145:19:145:48:145:48:145:Infinity":11,"b:147:4:149:Infinity:undefined:undefined:undefined:undefined":12,"s:147:4:149:Infinity":39,"s:148:6:148:Infinity":40,"s:152:10:152:Infinity":41,"s:153:32:155:Infinity":42,"b:157:4:159:Infinity:undefined:undefined:undefined:undefined":13,"s:157:4:159:Infinity":43,"s:158:6:158:Infinity":44,"s:162:27:162:Infinity":45,"s:163:22:163:Infinity":46,"s:165:21:168:Infinity":47,"f:165:36:165:37":3,"s:166:23:166:Infinity":48,"b:166:23:166:50:166:50:166:Infinity":14,"s:167:6:167:Infinity":49,"b:170:4:172:Infinity:undefined:undefined:undefined:undefined":15,"s:170:4:172:Infinity":50,"s:171:6:171:Infinity":51,"s:175:17:175:Infinity":52,"s:176:35:176:Infinity":53,"b:179:4:183:Infinity:undefined:undefined:undefined:undefined":16,"s:179:4:183:Infinity":54,"b:179:8:179:29:179:29:179:57:179:57:179:77":17,"s:180:6:182:Infinity":55,"s:186:4:186:Infinity":56,"s:189:10:194:Infinity":57,"b:190:6:190:22:190:22:190:Infinity":18,"s:197:35:208:Infinity":58,"b:202:16:202:32:202:32:202:Infinity":19,"b:211:4:216:Infinity:undefined:undefined:undefined:undefined":20,"s:211:4:216:Infinity":59,"b:212:6:214:Infinity:undefined:undefined:undefined:undefined":21,"s:212:6:214:Infinity":60,"s:213:8:213:Infinity":61,"s:215:6:215:Infinity":62,"s:219:4:224:Infinity":63,"s:220:6:220:Infinity":64,"s:223:6:223:Infinity":65,"s:226:4:230:Infinity":66,"s:232:4:232:Infinity":67,"s:233:4:236:Infinity":68,"b:235:40:235:56:235:56:235:Infinity":22}}}
,"/Users/sboyuk/Desktop/retention-agent-ai/packages/api/src/schemas/auth.ts": {"path":"/Users/sboyuk/Desktop/retention-agent-ai/packages/api/src/schemas/auth.ts","statementMap":{"0":{"start":{"line":6,"column":20},"end":{"line":6,"column":null}},"1":{"start":{"line":13,"column":23},"end":{"line":16,"column":null}},"2":{"start":{"line":21,"column":27},"end":{"line":25,"column":null}},"3":{"start":{"line":30,"column":28},"end":{"line":34,"column":null}},"4":{"start":{"line":41,"column":27},"end":{"line":44,"column":null}},"5":{"start":{"line":51,"column":32},"end":{"line":56,"column":null}},"6":{"start":{"line":61,"column":34},"end":{"line":63,"column":null}},"7":{"start":{"line":70,"column":34},"end":{"line":72,"column":null}}},"fnMap":{},"branchMap":{},"s":{"0":1,"1":1,"2":1,"3":1,"4":1,"5":1,"6":1,"7":1},"f":{},"b":{},"meta":{"lastBranch":0,"lastFunction":0,"lastStatement":8,"seen":{"s:6:20:6:Infinity":0,"s:13:23:16:Infinity":1,"s:21:27:25:Infinity":2,"s:30:28:34:Infinity":3,"s:41:27:44:Infinity":4,"s:51:32:56:Infinity":5,"s:61:34:63:Infinity":6,"s:70:34:72:Infinity":7}}}
,"/Users/sboyuk/Desktop/retention-agent-ai/packages/api/src/schemas/products.ts": {"path":"/Users/sboyuk/Desktop/retention-agent-ai/packages/api/src/schemas/products.ts","statementMap":{"0":{"start":{"line":6,"column":18},"end":{"line":9,"column":null}},"1":{"start":{"line":14,"column":26},"end":{"line":18,"column":null}},"2":{"start":{"line":23,"column":25},"end":{"line":28,"column":null}},"3":{"start":{"line":33,"column":22},"end":{"line":33,"column":null}},"4":{"start":{"line":38,"column":35},"end":{"line":44,"column":null}},"5":{"start":{"line":51,"column":35},"end":{"line":57,"column":null}},"6":{"start":{"line":64,"column":31},"end":{"line":66,"column":null}},"7":{"start":{"line":73,"column":40},"end":{"line":76,"column":null}}},"fnMap":{},"branchMap":{},"s":{"0":1,"1":1,"2":1,"3":1,"4":1,"5":1,"6":1,"7":1},"f":{},"b":{},"meta":{"lastBranch":0,"lastFunction":0,"lastStatement":8,"seen":{"s:6:18:9:Infinity":0,"s:14:26:18:Infinity":1,"s:23:25:28:Infinity":2,"s:33:22:33:Infinity":3,"s:38:35:44:Infinity":4,"s:51:35:57:Infinity":5,"s:64:31:66:Infinity":6,"s:73:40:76:Infinity":7}}}
}
